2022-01-25 09:43:49 [scrapy.utils.log] INFO: Scrapy 2.5.1 started (bot: every_crawl)
2022-01-25 09:43:49 [scrapy.utils.log] INFO: Versions: lxml 4.6.3.0, libxml2 2.9.10, cssselect 1.1.0, parsel 1.6.0, w3lib 1.22.0, Twisted 21.7.0, Python 3.8.8 (default, Apr 13 2021, 19:58:26) - [GCC 7.3.0], pyOpenSSL 20.0.1 (OpenSSL 1.1.1k  25 Mar 2021), cryptography 3.4.7, Platform Linux-5.10.16.3-microsoft-standard-WSL2-x86_64-with-glibc2.10
2022-01-25 09:43:49 [scrapy.utils.log] DEBUG: Using reactor: twisted.internet.epollreactor.EPollReactor
2022-01-25 09:43:49 [scrapy.crawler] INFO: Overridden settings:
{'BOT_NAME': 'every_crawl',
 'LOG_FILE': 'every.log',
 'NEWSPIDER_MODULE': 'every_crawl.spiders',
 'SPIDER_MODULES': ['every_crawl.spiders']}
2022-01-25 09:43:49 [scrapy.extensions.telnet] INFO: Telnet Password: 04d74c12f99fa413
2022-01-25 09:43:49 [scrapy.middleware] INFO: Enabled extensions:
['scrapy.extensions.corestats.CoreStats',
 'scrapy.extensions.telnet.TelnetConsole',
 'scrapy.extensions.memusage.MemoryUsage',
 'scrapy.extensions.logstats.LogStats']
2022-01-25 09:43:49 [scrapy.middleware] INFO: Enabled downloader middlewares:
['scrapy.downloadermiddlewares.httpauth.HttpAuthMiddleware',
 'scrapy.downloadermiddlewares.downloadtimeout.DownloadTimeoutMiddleware',
 'scrapy.downloadermiddlewares.defaultheaders.DefaultHeadersMiddleware',
 'scrapy.downloadermiddlewares.useragent.UserAgentMiddleware',
 'scrapy.downloadermiddlewares.retry.RetryMiddleware',
 'scrapy.downloadermiddlewares.redirect.MetaRefreshMiddleware',
 'scrapy.downloadermiddlewares.httpcompression.HttpCompressionMiddleware',
 'scrapy.downloadermiddlewares.redirect.RedirectMiddleware',
 'scrapy.downloadermiddlewares.cookies.CookiesMiddleware',
 'scrapy.downloadermiddlewares.httpproxy.HttpProxyMiddleware',
 'scrapy.downloadermiddlewares.stats.DownloaderStats']
2022-01-25 09:43:49 [scrapy.middleware] INFO: Enabled spider middlewares:
['scrapy.spidermiddlewares.httperror.HttpErrorMiddleware',
 'scrapy.spidermiddlewares.offsite.OffsiteMiddleware',
 'scrapy.spidermiddlewares.referer.RefererMiddleware',
 'scrapy.spidermiddlewares.urllength.UrlLengthMiddleware',
 'scrapy.spidermiddlewares.depth.DepthMiddleware']
2022-01-25 09:43:49 [scrapy.middleware] INFO: Enabled item pipelines:
[]
2022-01-25 09:43:49 [scrapy.core.engine] INFO: Spider opened
2022-01-25 09:43:49 [scrapy.extensions.logstats] INFO: Crawled 0 pages (at 0 pages/min), scraped 0 items (at 0 items/min)
2022-01-25 09:43:49 [py.warnings] WARNING: /home/seungeun/anaconda3/lib/python3.8/site-packages/scrapy/spidermiddlewares/offsite.py:65: URLWarning: allowed_domains accepts only domains, not URLs. Ignoring URL entry https://everytime.kr/ in allowed_domains.
  warnings.warn(message, URLWarning)

2022-01-25 09:43:49 [scrapy.extensions.telnet] INFO: Telnet console listening on 127.0.0.1:6023
2022-01-25 09:43:50 [scrapy.core.scraper] ERROR: Error downloading <GET %20https://everytime.kr/user/login>
Traceback (most recent call last):
  File "/home/seungeun/anaconda3/lib/python3.8/site-packages/twisted/internet/defer.py", line 1657, in _inlineCallbacks
    result = current_context.run(
  File "/home/seungeun/anaconda3/lib/python3.8/site-packages/twisted/python/failure.py", line 500, in throwExceptionIntoGenerator
    return g.throw(self.type, self.value, self.tb)
  File "/home/seungeun/anaconda3/lib/python3.8/site-packages/scrapy/core/downloader/middleware.py", line 44, in process_request
    return (yield download_func(request=request, spider=spider))
  File "/home/seungeun/anaconda3/lib/python3.8/site-packages/scrapy/utils/defer.py", line 55, in mustbe_deferred
    result = f(*args, **kw)
  File "/home/seungeun/anaconda3/lib/python3.8/site-packages/scrapy/core/downloader/handlers/__init__.py", line 74, in download_request
    raise NotSupported(f"Unsupported URL scheme '{scheme}': {self._notconfigured[scheme]}")
scrapy.exceptions.NotSupported: Unsupported URL scheme '': no handler available for that scheme
2022-01-25 09:43:50 [scrapy.core.engine] INFO: Closing spider (finished)
2022-01-25 09:43:50 [scrapy.statscollectors] INFO: Dumping Scrapy stats:
{'downloader/exception_count': 1,
 'downloader/exception_type_count/scrapy.exceptions.NotSupported': 1,
 'downloader/request_bytes': 237,
 'downloader/request_count': 1,
 'downloader/request_method_count/GET': 1,
 'elapsed_time_seconds': 0.305732,
 'finish_reason': 'finished',
 'finish_time': datetime.datetime(2022, 1, 25, 0, 43, 50, 247388),
 'log_count/ERROR': 1,
 'log_count/INFO': 10,
 'log_count/WARNING': 1,
 'memusage/max': 57405440,
 'memusage/startup': 57405440,
 'scheduler/dequeued': 1,
 'scheduler/dequeued/memory': 1,
 'scheduler/enqueued': 1,
 'scheduler/enqueued/memory': 1,
 'start_time': datetime.datetime(2022, 1, 25, 0, 43, 49, 941656)}
2022-01-25 09:43:50 [scrapy.core.engine] INFO: Spider closed (finished)
2022-01-25 09:44:23 [scrapy.utils.log] INFO: Scrapy 2.5.1 started (bot: every_crawl)
2022-01-25 09:44:23 [scrapy.utils.log] INFO: Versions: lxml 4.6.3.0, libxml2 2.9.10, cssselect 1.1.0, parsel 1.6.0, w3lib 1.22.0, Twisted 21.7.0, Python 3.8.8 (default, Apr 13 2021, 19:58:26) - [GCC 7.3.0], pyOpenSSL 20.0.1 (OpenSSL 1.1.1k  25 Mar 2021), cryptography 3.4.7, Platform Linux-5.10.16.3-microsoft-standard-WSL2-x86_64-with-glibc2.10
2022-01-25 09:44:23 [scrapy.utils.log] DEBUG: Using reactor: twisted.internet.epollreactor.EPollReactor
2022-01-25 09:44:23 [scrapy.crawler] INFO: Overridden settings:
{'BOT_NAME': 'every_crawl',
 'LOG_FILE': 'every.log',
 'NEWSPIDER_MODULE': 'every_crawl.spiders',
 'SPIDER_MODULES': ['every_crawl.spiders']}
2022-01-25 09:44:23 [scrapy.extensions.telnet] INFO: Telnet Password: 8cff19ce0cb0ecd7
2022-01-25 09:44:23 [scrapy.middleware] INFO: Enabled extensions:
['scrapy.extensions.corestats.CoreStats',
 'scrapy.extensions.telnet.TelnetConsole',
 'scrapy.extensions.memusage.MemoryUsage',
 'scrapy.extensions.logstats.LogStats']
2022-01-25 09:44:23 [scrapy.middleware] INFO: Enabled downloader middlewares:
['scrapy.downloadermiddlewares.httpauth.HttpAuthMiddleware',
 'scrapy.downloadermiddlewares.downloadtimeout.DownloadTimeoutMiddleware',
 'scrapy.downloadermiddlewares.defaultheaders.DefaultHeadersMiddleware',
 'scrapy.downloadermiddlewares.useragent.UserAgentMiddleware',
 'scrapy.downloadermiddlewares.retry.RetryMiddleware',
 'scrapy.downloadermiddlewares.redirect.MetaRefreshMiddleware',
 'scrapy.downloadermiddlewares.httpcompression.HttpCompressionMiddleware',
 'scrapy.downloadermiddlewares.redirect.RedirectMiddleware',
 'scrapy.downloadermiddlewares.cookies.CookiesMiddleware',
 'scrapy.downloadermiddlewares.httpproxy.HttpProxyMiddleware',
 'scrapy.downloadermiddlewares.stats.DownloaderStats']
2022-01-25 09:44:23 [scrapy.middleware] INFO: Enabled spider middlewares:
['scrapy.spidermiddlewares.httperror.HttpErrorMiddleware',
 'scrapy.spidermiddlewares.offsite.OffsiteMiddleware',
 'scrapy.spidermiddlewares.referer.RefererMiddleware',
 'scrapy.spidermiddlewares.urllength.UrlLengthMiddleware',
 'scrapy.spidermiddlewares.depth.DepthMiddleware']
2022-01-25 09:44:23 [scrapy.middleware] INFO: Enabled item pipelines:
[]
2022-01-25 09:44:23 [scrapy.core.engine] INFO: Spider opened
2022-01-25 09:44:23 [scrapy.extensions.logstats] INFO: Crawled 0 pages (at 0 pages/min), scraped 0 items (at 0 items/min)
2022-01-25 09:44:23 [py.warnings] WARNING: /home/seungeun/anaconda3/lib/python3.8/site-packages/scrapy/spidermiddlewares/offsite.py:65: URLWarning: allowed_domains accepts only domains, not URLs. Ignoring URL entry https://everytime.kr/ in allowed_domains.
  warnings.warn(message, URLWarning)

2022-01-25 09:44:23 [scrapy.extensions.telnet] INFO: Telnet console listening on 127.0.0.1:6023
2022-01-25 09:44:24 [scrapy.core.scraper] ERROR: Error downloading <GET %20https://everytime.kr/user/login>
Traceback (most recent call last):
  File "/home/seungeun/anaconda3/lib/python3.8/site-packages/twisted/internet/defer.py", line 1657, in _inlineCallbacks
    result = current_context.run(
  File "/home/seungeun/anaconda3/lib/python3.8/site-packages/twisted/python/failure.py", line 500, in throwExceptionIntoGenerator
    return g.throw(self.type, self.value, self.tb)
  File "/home/seungeun/anaconda3/lib/python3.8/site-packages/scrapy/core/downloader/middleware.py", line 44, in process_request
    return (yield download_func(request=request, spider=spider))
  File "/home/seungeun/anaconda3/lib/python3.8/site-packages/scrapy/utils/defer.py", line 55, in mustbe_deferred
    result = f(*args, **kw)
  File "/home/seungeun/anaconda3/lib/python3.8/site-packages/scrapy/core/downloader/handlers/__init__.py", line 74, in download_request
    raise NotSupported(f"Unsupported URL scheme '{scheme}': {self._notconfigured[scheme]}")
scrapy.exceptions.NotSupported: Unsupported URL scheme '': no handler available for that scheme
2022-01-25 09:44:24 [scrapy.core.engine] INFO: Closing spider (finished)
2022-01-25 09:44:24 [scrapy.statscollectors] INFO: Dumping Scrapy stats:
{'downloader/exception_count': 1,
 'downloader/exception_type_count/scrapy.exceptions.NotSupported': 1,
 'downloader/request_bytes': 237,
 'downloader/request_count': 1,
 'downloader/request_method_count/GET': 1,
 'elapsed_time_seconds': 0.305564,
 'finish_reason': 'finished',
 'finish_time': datetime.datetime(2022, 1, 25, 0, 44, 24, 200427),
 'log_count/ERROR': 1,
 'log_count/INFO': 10,
 'log_count/WARNING': 1,
 'memusage/max': 57503744,
 'memusage/startup': 57503744,
 'scheduler/dequeued': 1,
 'scheduler/dequeued/memory': 1,
 'scheduler/enqueued': 1,
 'scheduler/enqueued/memory': 1,
 'start_time': datetime.datetime(2022, 1, 25, 0, 44, 23, 894863)}
2022-01-25 09:44:24 [scrapy.core.engine] INFO: Spider closed (finished)
2022-01-25 09:51:29 [scrapy.utils.log] INFO: Scrapy 2.5.1 started (bot: every_crawl)
2022-01-25 09:51:29 [scrapy.utils.log] INFO: Versions: lxml 4.6.3.0, libxml2 2.9.10, cssselect 1.1.0, parsel 1.6.0, w3lib 1.22.0, Twisted 21.7.0, Python 3.8.8 (default, Apr 13 2021, 19:58:26) - [GCC 7.3.0], pyOpenSSL 20.0.1 (OpenSSL 1.1.1k  25 Mar 2021), cryptography 3.4.7, Platform Linux-5.10.16.3-microsoft-standard-WSL2-x86_64-with-glibc2.10
2022-01-25 09:51:29 [scrapy.utils.log] DEBUG: Using reactor: twisted.internet.epollreactor.EPollReactor
2022-01-25 09:51:29 [scrapy.crawler] INFO: Overridden settings:
{'BOT_NAME': 'every_crawl',
 'LOG_FILE': 'every.log',
 'NEWSPIDER_MODULE': 'every_crawl.spiders',
 'SPIDER_MODULES': ['every_crawl.spiders']}
2022-01-25 09:51:29 [scrapy.extensions.telnet] INFO: Telnet Password: aa97a9ade994f10e
2022-01-25 09:51:29 [scrapy.middleware] INFO: Enabled extensions:
['scrapy.extensions.corestats.CoreStats',
 'scrapy.extensions.telnet.TelnetConsole',
 'scrapy.extensions.memusage.MemoryUsage',
 'scrapy.extensions.logstats.LogStats']
2022-01-25 09:51:29 [scrapy.middleware] INFO: Enabled downloader middlewares:
['scrapy.downloadermiddlewares.httpauth.HttpAuthMiddleware',
 'scrapy.downloadermiddlewares.downloadtimeout.DownloadTimeoutMiddleware',
 'scrapy.downloadermiddlewares.defaultheaders.DefaultHeadersMiddleware',
 'scrapy.downloadermiddlewares.useragent.UserAgentMiddleware',
 'scrapy.downloadermiddlewares.retry.RetryMiddleware',
 'scrapy.downloadermiddlewares.redirect.MetaRefreshMiddleware',
 'scrapy.downloadermiddlewares.httpcompression.HttpCompressionMiddleware',
 'scrapy.downloadermiddlewares.redirect.RedirectMiddleware',
 'scrapy.downloadermiddlewares.cookies.CookiesMiddleware',
 'scrapy.downloadermiddlewares.httpproxy.HttpProxyMiddleware',
 'scrapy.downloadermiddlewares.stats.DownloaderStats']
2022-01-25 09:51:29 [scrapy.middleware] INFO: Enabled spider middlewares:
['scrapy.spidermiddlewares.httperror.HttpErrorMiddleware',
 'scrapy.spidermiddlewares.offsite.OffsiteMiddleware',
 'scrapy.spidermiddlewares.referer.RefererMiddleware',
 'scrapy.spidermiddlewares.urllength.UrlLengthMiddleware',
 'scrapy.spidermiddlewares.depth.DepthMiddleware']
2022-01-25 09:51:29 [scrapy.middleware] INFO: Enabled item pipelines:
[]
2022-01-25 09:51:29 [scrapy.core.engine] INFO: Spider opened
2022-01-25 09:51:29 [scrapy.extensions.logstats] INFO: Crawled 0 pages (at 0 pages/min), scraped 0 items (at 0 items/min)
2022-01-25 09:51:29 [py.warnings] WARNING: /home/seungeun/anaconda3/lib/python3.8/site-packages/scrapy/spidermiddlewares/offsite.py:65: URLWarning: allowed_domains accepts only domains, not URLs. Ignoring URL entry https://everytime.kr/ in allowed_domains.
  warnings.warn(message, URLWarning)

2022-01-25 09:51:29 [scrapy.extensions.telnet] INFO: Telnet console listening on 127.0.0.1:6023
2022-01-25 09:51:29 [scrapy.core.engine] DEBUG: Crawled (200) <GET https://everytime.kr/user/login> (referer: None)
2022-01-25 09:51:29 [scrapy.core.scraper] ERROR: Spider error processing <GET https://everytime.kr/user/login> (referer: None)
Traceback (most recent call last):
  File "/home/seungeun/anaconda3/lib/python3.8/site-packages/twisted/internet/defer.py", line 858, in _runCallbacks
    current.result = callback(  # type: ignore[misc]
  File "/home/seungeun/scrapy_test/scrapy/every_crawl/every_crawl/spiders/every_spider.py", line 21, in login
    return FormRequest.from_response(
  File "/home/seungeun/anaconda3/lib/python3.8/site-packages/scrapy/http/request/form.py", line 48, in from_response
    form = _get_form(response, formname, formid, formnumber, formxpath)
  File "/home/seungeun/anaconda3/lib/python3.8/site-packages/scrapy/http/request/form.py", line 83, in _get_form
    raise ValueError(f"No <form> element found in {response}")
ValueError: No <form> element found in <200 https://everytime.kr/user/login>
2022-01-25 09:51:29 [scrapy.core.engine] INFO: Closing spider (finished)
2022-01-25 09:51:29 [scrapy.statscollectors] INFO: Dumping Scrapy stats:
{'downloader/request_bytes': 226,
 'downloader/request_count': 1,
 'downloader/request_method_count/GET': 1,
 'downloader/response_bytes': 1447,
 'downloader/response_count': 1,
 'downloader/response_status_count/200': 1,
 'elapsed_time_seconds': 0.29886,
 'finish_reason': 'finished',
 'finish_time': datetime.datetime(2022, 1, 25, 0, 51, 29, 682952),
 'httpcompression/response_bytes': 2778,
 'httpcompression/response_count': 1,
 'log_count/DEBUG': 1,
 'log_count/ERROR': 1,
 'log_count/INFO': 10,
 'log_count/WARNING': 1,
 'memusage/max': 57438208,
 'memusage/startup': 57438208,
 'response_received_count': 1,
 'scheduler/dequeued': 1,
 'scheduler/dequeued/memory': 1,
 'scheduler/enqueued': 1,
 'scheduler/enqueued/memory': 1,
 'spider_exceptions/ValueError': 1,
 'start_time': datetime.datetime(2022, 1, 25, 0, 51, 29, 384092)}
2022-01-25 09:51:29 [scrapy.core.engine] INFO: Spider closed (finished)
2022-01-25 09:51:52 [scrapy.utils.log] INFO: Scrapy 2.5.1 started (bot: every_crawl)
2022-01-25 09:51:52 [scrapy.utils.log] INFO: Versions: lxml 4.6.3.0, libxml2 2.9.10, cssselect 1.1.0, parsel 1.6.0, w3lib 1.22.0, Twisted 21.7.0, Python 3.8.8 (default, Apr 13 2021, 19:58:26) - [GCC 7.3.0], pyOpenSSL 20.0.1 (OpenSSL 1.1.1k  25 Mar 2021), cryptography 3.4.7, Platform Linux-5.10.16.3-microsoft-standard-WSL2-x86_64-with-glibc2.10
2022-01-25 09:51:52 [scrapy.utils.log] DEBUG: Using reactor: twisted.internet.epollreactor.EPollReactor
2022-01-25 09:51:52 [scrapy.crawler] INFO: Overridden settings:
{'BOT_NAME': 'every_crawl',
 'LOG_FILE': 'every.log',
 'NEWSPIDER_MODULE': 'every_crawl.spiders',
 'SPIDER_MODULES': ['every_crawl.spiders']}
2022-01-25 09:51:52 [scrapy.extensions.telnet] INFO: Telnet Password: 246dd7b281b67398
2022-01-25 09:51:52 [scrapy.middleware] INFO: Enabled extensions:
['scrapy.extensions.corestats.CoreStats',
 'scrapy.extensions.telnet.TelnetConsole',
 'scrapy.extensions.memusage.MemoryUsage',
 'scrapy.extensions.logstats.LogStats']
2022-01-25 09:51:52 [scrapy.middleware] INFO: Enabled downloader middlewares:
['scrapy.downloadermiddlewares.httpauth.HttpAuthMiddleware',
 'scrapy.downloadermiddlewares.downloadtimeout.DownloadTimeoutMiddleware',
 'scrapy.downloadermiddlewares.defaultheaders.DefaultHeadersMiddleware',
 'scrapy.downloadermiddlewares.useragent.UserAgentMiddleware',
 'scrapy.downloadermiddlewares.retry.RetryMiddleware',
 'scrapy.downloadermiddlewares.redirect.MetaRefreshMiddleware',
 'scrapy.downloadermiddlewares.httpcompression.HttpCompressionMiddleware',
 'scrapy.downloadermiddlewares.redirect.RedirectMiddleware',
 'scrapy.downloadermiddlewares.cookies.CookiesMiddleware',
 'scrapy.downloadermiddlewares.httpproxy.HttpProxyMiddleware',
 'scrapy.downloadermiddlewares.stats.DownloaderStats']
2022-01-25 09:51:52 [scrapy.middleware] INFO: Enabled spider middlewares:
['scrapy.spidermiddlewares.httperror.HttpErrorMiddleware',
 'scrapy.spidermiddlewares.offsite.OffsiteMiddleware',
 'scrapy.spidermiddlewares.referer.RefererMiddleware',
 'scrapy.spidermiddlewares.urllength.UrlLengthMiddleware',
 'scrapy.spidermiddlewares.depth.DepthMiddleware']
2022-01-25 09:51:52 [scrapy.middleware] INFO: Enabled item pipelines:
[]
2022-01-25 09:51:52 [scrapy.core.engine] INFO: Spider opened
2022-01-25 09:51:52 [scrapy.extensions.logstats] INFO: Crawled 0 pages (at 0 pages/min), scraped 0 items (at 0 items/min)
2022-01-25 09:51:52 [py.warnings] WARNING: /home/seungeun/anaconda3/lib/python3.8/site-packages/scrapy/spidermiddlewares/offsite.py:65: URLWarning: allowed_domains accepts only domains, not URLs. Ignoring URL entry https://everytime.kr/ in allowed_domains.
  warnings.warn(message, URLWarning)

2022-01-25 09:51:52 [scrapy.extensions.telnet] INFO: Telnet console listening on 127.0.0.1:6023
2022-01-25 09:51:52 [scrapy.core.engine] DEBUG: Crawled (200) <GET https://everytime.kr/login> (referer: None)
2022-01-25 09:51:53 [scrapy.spidermiddlewares.offsite] DEBUG: Filtered offsite request to 'everytime.kr': <POST https://everytime.kr/user/login>
2022-01-25 09:51:53 [scrapy.core.engine] INFO: Closing spider (finished)
2022-01-25 09:51:53 [scrapy.statscollectors] INFO: Dumping Scrapy stats:
{'downloader/request_bytes': 221,
 'downloader/request_count': 1,
 'downloader/request_method_count/GET': 1,
 'downloader/response_bytes': 1870,
 'downloader/response_count': 1,
 'downloader/response_status_count/200': 1,
 'elapsed_time_seconds': 0.129908,
 'finish_reason': 'finished',
 'finish_time': datetime.datetime(2022, 1, 25, 0, 51, 53, 40826),
 'httpcompression/response_bytes': 4145,
 'httpcompression/response_count': 1,
 'log_count/DEBUG': 2,
 'log_count/INFO': 10,
 'log_count/WARNING': 1,
 'memusage/max': 57278464,
 'memusage/startup': 57278464,
 'offsite/domains': 1,
 'offsite/filtered': 1,
 'request_depth_max': 1,
 'response_received_count': 1,
 'scheduler/dequeued': 1,
 'scheduler/dequeued/memory': 1,
 'scheduler/enqueued': 1,
 'scheduler/enqueued/memory': 1,
 'start_time': datetime.datetime(2022, 1, 25, 0, 51, 52, 910918)}
2022-01-25 09:51:53 [scrapy.core.engine] INFO: Spider closed (finished)
2022-01-25 09:52:17 [scrapy.utils.log] INFO: Scrapy 2.5.1 started (bot: every_crawl)
2022-01-25 09:52:17 [scrapy.utils.log] INFO: Versions: lxml 4.6.3.0, libxml2 2.9.10, cssselect 1.1.0, parsel 1.6.0, w3lib 1.22.0, Twisted 21.7.0, Python 3.8.8 (default, Apr 13 2021, 19:58:26) - [GCC 7.3.0], pyOpenSSL 20.0.1 (OpenSSL 1.1.1k  25 Mar 2021), cryptography 3.4.7, Platform Linux-5.10.16.3-microsoft-standard-WSL2-x86_64-with-glibc2.10
2022-01-25 09:52:17 [scrapy.utils.log] DEBUG: Using reactor: twisted.internet.epollreactor.EPollReactor
2022-01-25 09:52:17 [scrapy.crawler] INFO: Overridden settings:
{'BOT_NAME': 'every_crawl',
 'LOG_FILE': 'every.log',
 'NEWSPIDER_MODULE': 'every_crawl.spiders',
 'SPIDER_MODULES': ['every_crawl.spiders']}
2022-01-25 09:52:17 [scrapy.extensions.telnet] INFO: Telnet Password: 45604d55adb4aabc
2022-01-25 09:52:17 [scrapy.middleware] INFO: Enabled extensions:
['scrapy.extensions.corestats.CoreStats',
 'scrapy.extensions.telnet.TelnetConsole',
 'scrapy.extensions.memusage.MemoryUsage',
 'scrapy.extensions.logstats.LogStats']
2022-01-25 09:52:17 [scrapy.middleware] INFO: Enabled downloader middlewares:
['scrapy.downloadermiddlewares.httpauth.HttpAuthMiddleware',
 'scrapy.downloadermiddlewares.downloadtimeout.DownloadTimeoutMiddleware',
 'scrapy.downloadermiddlewares.defaultheaders.DefaultHeadersMiddleware',
 'scrapy.downloadermiddlewares.useragent.UserAgentMiddleware',
 'scrapy.downloadermiddlewares.retry.RetryMiddleware',
 'scrapy.downloadermiddlewares.redirect.MetaRefreshMiddleware',
 'scrapy.downloadermiddlewares.httpcompression.HttpCompressionMiddleware',
 'scrapy.downloadermiddlewares.redirect.RedirectMiddleware',
 'scrapy.downloadermiddlewares.cookies.CookiesMiddleware',
 'scrapy.downloadermiddlewares.httpproxy.HttpProxyMiddleware',
 'scrapy.downloadermiddlewares.stats.DownloaderStats']
2022-01-25 09:52:17 [scrapy.middleware] INFO: Enabled spider middlewares:
['scrapy.spidermiddlewares.httperror.HttpErrorMiddleware',
 'scrapy.spidermiddlewares.offsite.OffsiteMiddleware',
 'scrapy.spidermiddlewares.referer.RefererMiddleware',
 'scrapy.spidermiddlewares.urllength.UrlLengthMiddleware',
 'scrapy.spidermiddlewares.depth.DepthMiddleware']
2022-01-25 09:52:17 [scrapy.middleware] INFO: Enabled item pipelines:
[]
2022-01-25 09:52:17 [scrapy.core.engine] INFO: Spider opened
2022-01-25 09:52:17 [scrapy.extensions.logstats] INFO: Crawled 0 pages (at 0 pages/min), scraped 0 items (at 0 items/min)
2022-01-25 09:52:17 [py.warnings] WARNING: /home/seungeun/anaconda3/lib/python3.8/site-packages/scrapy/spidermiddlewares/offsite.py:65: URLWarning: allowed_domains accepts only domains, not URLs. Ignoring URL entry https://everytime.kr/ in allowed_domains.
  warnings.warn(message, URLWarning)

2022-01-25 09:52:17 [scrapy.extensions.telnet] INFO: Telnet console listening on 127.0.0.1:6023
2022-01-25 09:52:17 [scrapy.core.engine] DEBUG: Crawled (200) <GET https://everytime.kr/login> (referer: None)
2022-01-25 09:52:17 [scrapy.spidermiddlewares.offsite] DEBUG: Filtered offsite request to 'everytime.kr': <GET https://everytime.kr/user/login?redirect=%2F&userid=tmddms1201&password=tmddms0722%40>
2022-01-25 09:52:17 [scrapy.core.engine] INFO: Closing spider (finished)
2022-01-25 09:52:17 [scrapy.statscollectors] INFO: Dumping Scrapy stats:
{'downloader/request_bytes': 221,
 'downloader/request_count': 1,
 'downloader/request_method_count/GET': 1,
 'downloader/response_bytes': 1870,
 'downloader/response_count': 1,
 'downloader/response_status_count/200': 1,
 'elapsed_time_seconds': 0.134432,
 'finish_reason': 'finished',
 'finish_time': datetime.datetime(2022, 1, 25, 0, 52, 17, 657813),
 'httpcompression/response_bytes': 4145,
 'httpcompression/response_count': 1,
 'log_count/DEBUG': 2,
 'log_count/INFO': 10,
 'log_count/WARNING': 1,
 'memusage/max': 57384960,
 'memusage/startup': 57384960,
 'offsite/domains': 1,
 'offsite/filtered': 1,
 'request_depth_max': 1,
 'response_received_count': 1,
 'scheduler/dequeued': 1,
 'scheduler/dequeued/memory': 1,
 'scheduler/enqueued': 1,
 'scheduler/enqueued/memory': 1,
 'start_time': datetime.datetime(2022, 1, 25, 0, 52, 17, 523381)}
2022-01-25 09:52:17 [scrapy.core.engine] INFO: Spider closed (finished)
2022-01-25 09:52:42 [scrapy.utils.log] INFO: Scrapy 2.5.1 started (bot: every_crawl)
2022-01-25 09:52:42 [scrapy.utils.log] INFO: Versions: lxml 4.6.3.0, libxml2 2.9.10, cssselect 1.1.0, parsel 1.6.0, w3lib 1.22.0, Twisted 21.7.0, Python 3.8.8 (default, Apr 13 2021, 19:58:26) - [GCC 7.3.0], pyOpenSSL 20.0.1 (OpenSSL 1.1.1k  25 Mar 2021), cryptography 3.4.7, Platform Linux-5.10.16.3-microsoft-standard-WSL2-x86_64-with-glibc2.10
2022-01-25 09:52:42 [scrapy.utils.log] DEBUG: Using reactor: twisted.internet.epollreactor.EPollReactor
2022-01-25 09:52:42 [scrapy.crawler] INFO: Overridden settings:
{'BOT_NAME': 'every_crawl',
 'LOG_FILE': 'every.log',
 'NEWSPIDER_MODULE': 'every_crawl.spiders',
 'SPIDER_MODULES': ['every_crawl.spiders']}
2022-01-25 09:52:42 [scrapy.extensions.telnet] INFO: Telnet Password: 1a5115d20bbfcab6
2022-01-25 09:52:42 [scrapy.middleware] INFO: Enabled extensions:
['scrapy.extensions.corestats.CoreStats',
 'scrapy.extensions.telnet.TelnetConsole',
 'scrapy.extensions.memusage.MemoryUsage',
 'scrapy.extensions.logstats.LogStats']
2022-01-25 09:52:42 [scrapy.middleware] INFO: Enabled downloader middlewares:
['scrapy.downloadermiddlewares.httpauth.HttpAuthMiddleware',
 'scrapy.downloadermiddlewares.downloadtimeout.DownloadTimeoutMiddleware',
 'scrapy.downloadermiddlewares.defaultheaders.DefaultHeadersMiddleware',
 'scrapy.downloadermiddlewares.useragent.UserAgentMiddleware',
 'scrapy.downloadermiddlewares.retry.RetryMiddleware',
 'scrapy.downloadermiddlewares.redirect.MetaRefreshMiddleware',
 'scrapy.downloadermiddlewares.httpcompression.HttpCompressionMiddleware',
 'scrapy.downloadermiddlewares.redirect.RedirectMiddleware',
 'scrapy.downloadermiddlewares.cookies.CookiesMiddleware',
 'scrapy.downloadermiddlewares.httpproxy.HttpProxyMiddleware',
 'scrapy.downloadermiddlewares.stats.DownloaderStats']
2022-01-25 09:52:42 [scrapy.middleware] INFO: Enabled spider middlewares:
['scrapy.spidermiddlewares.httperror.HttpErrorMiddleware',
 'scrapy.spidermiddlewares.offsite.OffsiteMiddleware',
 'scrapy.spidermiddlewares.referer.RefererMiddleware',
 'scrapy.spidermiddlewares.urllength.UrlLengthMiddleware',
 'scrapy.spidermiddlewares.depth.DepthMiddleware']
2022-01-25 09:52:42 [scrapy.middleware] INFO: Enabled item pipelines:
[]
2022-01-25 09:52:42 [scrapy.core.engine] INFO: Spider opened
2022-01-25 09:52:42 [scrapy.extensions.logstats] INFO: Crawled 0 pages (at 0 pages/min), scraped 0 items (at 0 items/min)
2022-01-25 09:52:42 [py.warnings] WARNING: /home/seungeun/anaconda3/lib/python3.8/site-packages/scrapy/spidermiddlewares/offsite.py:65: URLWarning: allowed_domains accepts only domains, not URLs. Ignoring URL entry https://everytime.kr/ in allowed_domains.
  warnings.warn(message, URLWarning)

2022-01-25 09:52:42 [scrapy.extensions.telnet] INFO: Telnet console listening on 127.0.0.1:6023
2022-01-25 09:52:42 [scrapy.core.engine] DEBUG: Crawled (200) <GET https://everytime.kr/login> (referer: None)
2022-01-25 09:52:42 [scrapy.spidermiddlewares.offsite] DEBUG: Filtered offsite request to 'everytime.kr': <GET https://everytime.kr/user/login?redirect=%2F&userid=tmddms1201&password=tmddms0722%40>
2022-01-25 09:52:42 [scrapy.core.engine] INFO: Closing spider (finished)
2022-01-25 09:52:42 [scrapy.statscollectors] INFO: Dumping Scrapy stats:
{'downloader/request_bytes': 221,
 'downloader/request_count': 1,
 'downloader/request_method_count/GET': 1,
 'downloader/response_bytes': 1870,
 'downloader/response_count': 1,
 'downloader/response_status_count/200': 1,
 'elapsed_time_seconds': 0.138618,
 'finish_reason': 'finished',
 'finish_time': datetime.datetime(2022, 1, 25, 0, 52, 42, 317027),
 'httpcompression/response_bytes': 4145,
 'httpcompression/response_count': 1,
 'log_count/DEBUG': 2,
 'log_count/INFO': 10,
 'log_count/WARNING': 1,
 'memusage/max': 57298944,
 'memusage/startup': 57298944,
 'offsite/domains': 1,
 'offsite/filtered': 1,
 'request_depth_max': 1,
 'response_received_count': 1,
 'scheduler/dequeued': 1,
 'scheduler/dequeued/memory': 1,
 'scheduler/enqueued': 1,
 'scheduler/enqueued/memory': 1,
 'start_time': datetime.datetime(2022, 1, 25, 0, 52, 42, 178409)}
2022-01-25 09:52:42 [scrapy.core.engine] INFO: Spider closed (finished)
2022-01-25 09:53:33 [scrapy.utils.log] INFO: Scrapy 2.5.1 started (bot: every_crawl)
2022-01-25 09:53:33 [scrapy.utils.log] INFO: Versions: lxml 4.6.3.0, libxml2 2.9.10, cssselect 1.1.0, parsel 1.6.0, w3lib 1.22.0, Twisted 21.7.0, Python 3.8.8 (default, Apr 13 2021, 19:58:26) - [GCC 7.3.0], pyOpenSSL 20.0.1 (OpenSSL 1.1.1k  25 Mar 2021), cryptography 3.4.7, Platform Linux-5.10.16.3-microsoft-standard-WSL2-x86_64-with-glibc2.10
2022-01-25 09:53:33 [scrapy.utils.log] DEBUG: Using reactor: twisted.internet.epollreactor.EPollReactor
2022-01-25 09:53:33 [scrapy.crawler] INFO: Overridden settings:
{'BOT_NAME': 'every_crawl',
 'LOG_FILE': 'every.log',
 'NEWSPIDER_MODULE': 'every_crawl.spiders',
 'SPIDER_MODULES': ['every_crawl.spiders']}
2022-01-25 09:53:33 [scrapy.extensions.telnet] INFO: Telnet Password: 53fb9962c9a3ce10
2022-01-25 09:53:33 [scrapy.middleware] INFO: Enabled extensions:
['scrapy.extensions.corestats.CoreStats',
 'scrapy.extensions.telnet.TelnetConsole',
 'scrapy.extensions.memusage.MemoryUsage',
 'scrapy.extensions.logstats.LogStats']
2022-01-25 09:53:33 [scrapy.middleware] INFO: Enabled downloader middlewares:
['scrapy.downloadermiddlewares.httpauth.HttpAuthMiddleware',
 'scrapy.downloadermiddlewares.downloadtimeout.DownloadTimeoutMiddleware',
 'scrapy.downloadermiddlewares.defaultheaders.DefaultHeadersMiddleware',
 'scrapy.downloadermiddlewares.useragent.UserAgentMiddleware',
 'scrapy.downloadermiddlewares.retry.RetryMiddleware',
 'scrapy.downloadermiddlewares.redirect.MetaRefreshMiddleware',
 'scrapy.downloadermiddlewares.httpcompression.HttpCompressionMiddleware',
 'scrapy.downloadermiddlewares.redirect.RedirectMiddleware',
 'scrapy.downloadermiddlewares.cookies.CookiesMiddleware',
 'scrapy.downloadermiddlewares.httpproxy.HttpProxyMiddleware',
 'scrapy.downloadermiddlewares.stats.DownloaderStats']
2022-01-25 09:53:33 [scrapy.middleware] INFO: Enabled spider middlewares:
['scrapy.spidermiddlewares.httperror.HttpErrorMiddleware',
 'scrapy.spidermiddlewares.offsite.OffsiteMiddleware',
 'scrapy.spidermiddlewares.referer.RefererMiddleware',
 'scrapy.spidermiddlewares.urllength.UrlLengthMiddleware',
 'scrapy.spidermiddlewares.depth.DepthMiddleware']
2022-01-25 09:53:33 [scrapy.middleware] INFO: Enabled item pipelines:
[]
2022-01-25 09:53:33 [scrapy.core.engine] INFO: Spider opened
2022-01-25 09:53:33 [scrapy.extensions.logstats] INFO: Crawled 0 pages (at 0 pages/min), scraped 0 items (at 0 items/min)
2022-01-25 09:53:33 [py.warnings] WARNING: /home/seungeun/anaconda3/lib/python3.8/site-packages/scrapy/spidermiddlewares/offsite.py:65: URLWarning: allowed_domains accepts only domains, not URLs. Ignoring URL entry https://everytime.kr/ in allowed_domains.
  warnings.warn(message, URLWarning)

2022-01-25 09:53:33 [scrapy.extensions.telnet] INFO: Telnet console listening on 127.0.0.1:6023
2022-01-25 09:53:33 [scrapy.core.engine] DEBUG: Crawled (200) <GET https://everytime.kr/login> (referer: None)
2022-01-25 09:53:33 [scrapy.spidermiddlewares.offsite] DEBUG: Filtered offsite request to 'everytime.kr': <GET https://everytime.kr/user/login?redirect=%2F&userid=tmddms1201&password=tmddms0722%40>
2022-01-25 09:53:33 [scrapy.core.engine] INFO: Closing spider (finished)
2022-01-25 09:53:33 [scrapy.statscollectors] INFO: Dumping Scrapy stats:
{'downloader/request_bytes': 221,
 'downloader/request_count': 1,
 'downloader/request_method_count/GET': 1,
 'downloader/response_bytes': 1870,
 'downloader/response_count': 1,
 'downloader/response_status_count/200': 1,
 'elapsed_time_seconds': 0.128777,
 'finish_reason': 'finished',
 'finish_time': datetime.datetime(2022, 1, 25, 0, 53, 33, 426540),
 'httpcompression/response_bytes': 4145,
 'httpcompression/response_count': 1,
 'log_count/DEBUG': 2,
 'log_count/INFO': 10,
 'log_count/WARNING': 1,
 'memusage/max': 57376768,
 'memusage/startup': 57376768,
 'offsite/domains': 1,
 'offsite/filtered': 1,
 'request_depth_max': 1,
 'response_received_count': 1,
 'scheduler/dequeued': 1,
 'scheduler/dequeued/memory': 1,
 'scheduler/enqueued': 1,
 'scheduler/enqueued/memory': 1,
 'start_time': datetime.datetime(2022, 1, 25, 0, 53, 33, 297763)}
2022-01-25 09:53:33 [scrapy.core.engine] INFO: Spider closed (finished)
2022-01-25 09:54:06 [scrapy.utils.log] INFO: Scrapy 2.5.1 started (bot: every_crawl)
2022-01-25 09:54:06 [scrapy.utils.log] INFO: Versions: lxml 4.6.3.0, libxml2 2.9.10, cssselect 1.1.0, parsel 1.6.0, w3lib 1.22.0, Twisted 21.7.0, Python 3.8.8 (default, Apr 13 2021, 19:58:26) - [GCC 7.3.0], pyOpenSSL 20.0.1 (OpenSSL 1.1.1k  25 Mar 2021), cryptography 3.4.7, Platform Linux-5.10.16.3-microsoft-standard-WSL2-x86_64-with-glibc2.10
2022-01-25 09:54:06 [scrapy.utils.log] DEBUG: Using reactor: twisted.internet.epollreactor.EPollReactor
2022-01-25 09:54:06 [scrapy.crawler] INFO: Overridden settings:
{'BOT_NAME': 'every_crawl',
 'DUPEFILTER_CLASS': 'scrapy.dupefilters.BaseDupeFilter',
 'LOGSTATS_INTERVAL': 0,
 'LOG_FILE': 'every.log',
 'NEWSPIDER_MODULE': 'every_crawl.spiders',
 'SPIDER_MODULES': ['every_crawl.spiders']}
2022-01-25 09:54:06 [scrapy.extensions.telnet] INFO: Telnet Password: 15470d19808d5f98
2022-01-25 09:54:06 [scrapy.middleware] INFO: Enabled extensions:
['scrapy.extensions.corestats.CoreStats',
 'scrapy.extensions.telnet.TelnetConsole',
 'scrapy.extensions.memusage.MemoryUsage']
2022-01-25 09:54:06 [scrapy.middleware] INFO: Enabled downloader middlewares:
['scrapy.downloadermiddlewares.httpauth.HttpAuthMiddleware',
 'scrapy.downloadermiddlewares.downloadtimeout.DownloadTimeoutMiddleware',
 'scrapy.downloadermiddlewares.defaultheaders.DefaultHeadersMiddleware',
 'scrapy.downloadermiddlewares.useragent.UserAgentMiddleware',
 'scrapy.downloadermiddlewares.retry.RetryMiddleware',
 'scrapy.downloadermiddlewares.redirect.MetaRefreshMiddleware',
 'scrapy.downloadermiddlewares.httpcompression.HttpCompressionMiddleware',
 'scrapy.downloadermiddlewares.redirect.RedirectMiddleware',
 'scrapy.downloadermiddlewares.cookies.CookiesMiddleware',
 'scrapy.downloadermiddlewares.httpproxy.HttpProxyMiddleware',
 'scrapy.downloadermiddlewares.stats.DownloaderStats']
2022-01-25 09:54:06 [scrapy.middleware] INFO: Enabled spider middlewares:
['scrapy.spidermiddlewares.httperror.HttpErrorMiddleware',
 'scrapy.spidermiddlewares.offsite.OffsiteMiddleware',
 'scrapy.spidermiddlewares.referer.RefererMiddleware',
 'scrapy.spidermiddlewares.urllength.UrlLengthMiddleware',
 'scrapy.spidermiddlewares.depth.DepthMiddleware']
2022-01-25 09:54:06 [scrapy.middleware] INFO: Enabled item pipelines:
[]
2022-01-25 09:54:06 [scrapy.extensions.telnet] INFO: Telnet console listening on 127.0.0.1:6023
2022-01-25 09:54:06 [scrapy.core.engine] INFO: Spider opened
2022-01-25 09:54:06 [scrapy.core.engine] DEBUG: Crawled (200) <GET https://everytime.kr/login> (referer: None)
2022-01-25 09:54:06 [asyncio] DEBUG: Using selector: EpollSelector
2022-01-25 09:54:06 [asyncio] DEBUG: Using selector: EpollSelector
2022-01-25 09:57:27 [scrapy.utils.log] INFO: Scrapy 2.5.1 started (bot: every_crawl)
2022-01-25 09:57:27 [scrapy.utils.log] INFO: Versions: lxml 4.6.3.0, libxml2 2.9.10, cssselect 1.1.0, parsel 1.6.0, w3lib 1.22.0, Twisted 21.7.0, Python 3.8.8 (default, Apr 13 2021, 19:58:26) - [GCC 7.3.0], pyOpenSSL 20.0.1 (OpenSSL 1.1.1k  25 Mar 2021), cryptography 3.4.7, Platform Linux-5.10.16.3-microsoft-standard-WSL2-x86_64-with-glibc2.10
2022-01-25 09:57:27 [scrapy.utils.log] DEBUG: Using reactor: twisted.internet.epollreactor.EPollReactor
2022-01-25 09:57:27 [scrapy.crawler] INFO: Overridden settings:
{'BOT_NAME': 'every_crawl',
 'DUPEFILTER_CLASS': 'scrapy.dupefilters.BaseDupeFilter',
 'LOGSTATS_INTERVAL': 0,
 'LOG_FILE': 'every.log',
 'NEWSPIDER_MODULE': 'every_crawl.spiders',
 'SPIDER_MODULES': ['every_crawl.spiders']}
2022-01-25 09:57:27 [scrapy.extensions.telnet] INFO: Telnet Password: 89306d918e329cfc
2022-01-25 09:57:27 [scrapy.middleware] INFO: Enabled extensions:
['scrapy.extensions.corestats.CoreStats',
 'scrapy.extensions.telnet.TelnetConsole',
 'scrapy.extensions.memusage.MemoryUsage']
2022-01-25 09:57:27 [scrapy.middleware] INFO: Enabled downloader middlewares:
['scrapy.downloadermiddlewares.httpauth.HttpAuthMiddleware',
 'scrapy.downloadermiddlewares.downloadtimeout.DownloadTimeoutMiddleware',
 'scrapy.downloadermiddlewares.defaultheaders.DefaultHeadersMiddleware',
 'scrapy.downloadermiddlewares.useragent.UserAgentMiddleware',
 'scrapy.downloadermiddlewares.retry.RetryMiddleware',
 'scrapy.downloadermiddlewares.redirect.MetaRefreshMiddleware',
 'scrapy.downloadermiddlewares.httpcompression.HttpCompressionMiddleware',
 'scrapy.downloadermiddlewares.redirect.RedirectMiddleware',
 'scrapy.downloadermiddlewares.cookies.CookiesMiddleware',
 'scrapy.downloadermiddlewares.httpproxy.HttpProxyMiddleware',
 'scrapy.downloadermiddlewares.stats.DownloaderStats']
2022-01-25 09:57:27 [scrapy.middleware] INFO: Enabled spider middlewares:
['scrapy.spidermiddlewares.httperror.HttpErrorMiddleware',
 'scrapy.spidermiddlewares.offsite.OffsiteMiddleware',
 'scrapy.spidermiddlewares.referer.RefererMiddleware',
 'scrapy.spidermiddlewares.urllength.UrlLengthMiddleware',
 'scrapy.spidermiddlewares.depth.DepthMiddleware']
2022-01-25 09:57:27 [scrapy.middleware] INFO: Enabled item pipelines:
[]
2022-01-25 09:57:27 [scrapy.extensions.telnet] INFO: Telnet console listening on 127.0.0.1:6023
2022-01-25 09:57:27 [scrapy.core.engine] INFO: Spider opened
2022-01-25 09:57:27 [scrapy.core.engine] DEBUG: Crawled (200) <GET https://everytime.kr/login> (referer: None)
2022-01-25 09:57:27 [asyncio] DEBUG: Using selector: EpollSelector
2022-01-25 09:57:27 [asyncio] DEBUG: Using selector: EpollSelector
