2022-01-26 15:53:06 [scrapy.utils.log] INFO: Scrapy 2.5.1 started (bot: bobae)
2022-01-26 15:53:06 [scrapy.utils.log] INFO: Versions: lxml 4.6.3.0, libxml2 2.9.10, cssselect 1.1.0, parsel 1.6.0, w3lib 1.22.0, Twisted 21.7.0, Python 3.8.8 (default, Apr 13 2021, 19:58:26) - [GCC 7.3.0], pyOpenSSL 20.0.1 (OpenSSL 1.1.1k  25 Mar 2021), cryptography 3.4.7, Platform Linux-5.10.16.3-microsoft-standard-WSL2-x86_64-with-glibc2.10
2022-01-26 15:53:06 [scrapy.utils.log] DEBUG: Using reactor: twisted.internet.epollreactor.EPollReactor
2022-01-26 15:53:06 [scrapy.crawler] INFO: Overridden settings:
{'BOT_NAME': 'bobae',
 'LOG_FILE': 'bobae.log',
 'NEWSPIDER_MODULE': 'bobae.spiders',
 'SPIDER_MODULES': ['bobae.spiders']}
2022-01-26 15:53:06 [scrapy.extensions.telnet] INFO: Telnet Password: e7f7c663e6e71fa7
2022-01-26 15:53:06 [scrapy.middleware] INFO: Enabled extensions:
['scrapy.extensions.corestats.CoreStats',
 'scrapy.extensions.telnet.TelnetConsole',
 'scrapy.extensions.memusage.MemoryUsage',
 'scrapy.extensions.feedexport.FeedExporter',
 'scrapy.extensions.logstats.LogStats']
2022-01-26 15:53:06 [scrapy.middleware] INFO: Enabled downloader middlewares:
['scrapy.downloadermiddlewares.httpauth.HttpAuthMiddleware',
 'scrapy.downloadermiddlewares.downloadtimeout.DownloadTimeoutMiddleware',
 'scrapy.downloadermiddlewares.defaultheaders.DefaultHeadersMiddleware',
 'scrapy.downloadermiddlewares.useragent.UserAgentMiddleware',
 'scrapy.downloadermiddlewares.retry.RetryMiddleware',
 'scrapy.downloadermiddlewares.redirect.MetaRefreshMiddleware',
 'scrapy.downloadermiddlewares.httpcompression.HttpCompressionMiddleware',
 'scrapy.downloadermiddlewares.redirect.RedirectMiddleware',
 'scrapy.downloadermiddlewares.cookies.CookiesMiddleware',
 'scrapy.downloadermiddlewares.httpproxy.HttpProxyMiddleware',
 'scrapy.downloadermiddlewares.stats.DownloaderStats']
2022-01-26 15:53:06 [scrapy.middleware] INFO: Enabled spider middlewares:
['scrapy.spidermiddlewares.httperror.HttpErrorMiddleware',
 'scrapy.spidermiddlewares.offsite.OffsiteMiddleware',
 'scrapy.spidermiddlewares.referer.RefererMiddleware',
 'scrapy.spidermiddlewares.urllength.UrlLengthMiddleware',
 'scrapy.spidermiddlewares.depth.DepthMiddleware']
2022-01-26 15:53:06 [scrapy.middleware] INFO: Enabled item pipelines:
[]
2022-01-26 15:53:06 [scrapy.core.engine] INFO: Spider opened
2022-01-26 15:53:06 [scrapy.extensions.logstats] INFO: Crawled 0 pages (at 0 pages/min), scraped 0 items (at 0 items/min)
2022-01-26 15:53:06 [scrapy.extensions.telnet] INFO: Telnet console listening on 127.0.0.1:6025
2022-01-26 15:53:06 [scrapy.core.engine] DEBUG: Crawled (200) <GET https://www.bobaedream.co.kr/list?code=politic> (referer: None)
2022-01-26 15:53:06 [scrapy.spidermiddlewares.offsite] DEBUG: Filtered offsite request to 'www.bobaedream.co.kr': <GET https://www.bobaedream.co.kr/view?code=politic&No=525624&rtn=%2Flist%3Fcode%3Dpolitic>
2022-01-26 15:53:06 [scrapy.core.engine] INFO: Closing spider (finished)
2022-01-26 15:53:06 [scrapy.statscollectors] INFO: Dumping Scrapy stats:
{'downloader/request_bytes': 241,
 'downloader/request_count': 1,
 'downloader/request_method_count/GET': 1,
 'downloader/response_bytes': 19434,
 'downloader/response_count': 1,
 'downloader/response_status_count/200': 1,
 'elapsed_time_seconds': 0.499152,
 'finish_reason': 'finished',
 'finish_time': datetime.datetime(2022, 1, 26, 6, 53, 6, 633972),
 'httpcompression/response_bytes': 119289,
 'httpcompression/response_count': 1,
 'log_count/DEBUG': 2,
 'log_count/INFO': 10,
 'memusage/max': 57745408,
 'memusage/startup': 57745408,
 'offsite/domains': 1,
 'offsite/filtered': 36,
 'request_depth_max': 1,
 'response_received_count': 1,
 'scheduler/dequeued': 1,
 'scheduler/dequeued/memory': 1,
 'scheduler/enqueued': 1,
 'scheduler/enqueued/memory': 1,
 'start_time': datetime.datetime(2022, 1, 26, 6, 53, 6, 134820)}
2022-01-26 15:53:06 [scrapy.core.engine] INFO: Spider closed (finished)
2022-01-26 15:53:40 [scrapy.utils.log] INFO: Scrapy 2.5.1 started (bot: bobae)
2022-01-26 15:53:41 [scrapy.utils.log] INFO: Versions: lxml 4.6.3.0, libxml2 2.9.10, cssselect 1.1.0, parsel 1.6.0, w3lib 1.22.0, Twisted 21.7.0, Python 3.8.8 (default, Apr 13 2021, 19:58:26) - [GCC 7.3.0], pyOpenSSL 20.0.1 (OpenSSL 1.1.1k  25 Mar 2021), cryptography 3.4.7, Platform Linux-5.10.16.3-microsoft-standard-WSL2-x86_64-with-glibc2.10
2022-01-26 15:53:41 [scrapy.utils.log] DEBUG: Using reactor: twisted.internet.epollreactor.EPollReactor
2022-01-26 15:53:41 [scrapy.crawler] INFO: Overridden settings:
{'BOT_NAME': 'bobae',
 'LOG_FILE': 'bobae.log',
 'NEWSPIDER_MODULE': 'bobae.spiders',
 'SPIDER_MODULES': ['bobae.spiders']}
2022-01-26 15:53:41 [scrapy.extensions.telnet] INFO: Telnet Password: ec88648c430cfabd
2022-01-26 15:53:41 [scrapy.middleware] INFO: Enabled extensions:
['scrapy.extensions.corestats.CoreStats',
 'scrapy.extensions.telnet.TelnetConsole',
 'scrapy.extensions.memusage.MemoryUsage',
 'scrapy.extensions.feedexport.FeedExporter',
 'scrapy.extensions.logstats.LogStats']
2022-01-26 15:53:41 [scrapy.middleware] INFO: Enabled downloader middlewares:
['scrapy.downloadermiddlewares.httpauth.HttpAuthMiddleware',
 'scrapy.downloadermiddlewares.downloadtimeout.DownloadTimeoutMiddleware',
 'scrapy.downloadermiddlewares.defaultheaders.DefaultHeadersMiddleware',
 'scrapy.downloadermiddlewares.useragent.UserAgentMiddleware',
 'scrapy.downloadermiddlewares.retry.RetryMiddleware',
 'scrapy.downloadermiddlewares.redirect.MetaRefreshMiddleware',
 'scrapy.downloadermiddlewares.httpcompression.HttpCompressionMiddleware',
 'scrapy.downloadermiddlewares.redirect.RedirectMiddleware',
 'scrapy.downloadermiddlewares.cookies.CookiesMiddleware',
 'scrapy.downloadermiddlewares.httpproxy.HttpProxyMiddleware',
 'scrapy.downloadermiddlewares.stats.DownloaderStats']
2022-01-26 15:53:41 [scrapy.middleware] INFO: Enabled spider middlewares:
['scrapy.spidermiddlewares.httperror.HttpErrorMiddleware',
 'scrapy.spidermiddlewares.offsite.OffsiteMiddleware',
 'scrapy.spidermiddlewares.referer.RefererMiddleware',
 'scrapy.spidermiddlewares.urllength.UrlLengthMiddleware',
 'scrapy.spidermiddlewares.depth.DepthMiddleware']
2022-01-26 15:53:41 [scrapy.middleware] INFO: Enabled item pipelines:
[]
2022-01-26 15:53:41 [scrapy.core.engine] INFO: Spider opened
2022-01-26 15:53:41 [scrapy.extensions.logstats] INFO: Crawled 0 pages (at 0 pages/min), scraped 0 items (at 0 items/min)
2022-01-26 15:53:41 [scrapy.extensions.telnet] INFO: Telnet console listening on 127.0.0.1:6025
2022-01-26 15:53:41 [scrapy.core.engine] DEBUG: Crawled (200) <GET https://www.bobaedream.co.kr/view?code=politic&No=525624&rtn=%2Flist%3Fcode%3Dpolitic> (referer: None)
2022-01-26 15:53:41 [scrapy.core.scraper] ERROR: Spider error processing <GET https://www.bobaedream.co.kr/view?code=politic&No=525624&rtn=%2Flist%3Fcode%3Dpolitic> (referer: None)
Traceback (most recent call last):
  File "/home/seungeun/anaconda3/lib/python3.8/site-packages/twisted/internet/defer.py", line 858, in _runCallbacks
    current.result = callback(  # type: ignore[misc]
  File "/home/seungeun/anaconda3/lib/python3.8/site-packages/scrapy/spiders/__init__.py", line 90, in _parse
    return self.parse(response, **kwargs)
  File "/home/seungeun/anaconda3/lib/python3.8/site-packages/scrapy/spiders/__init__.py", line 93, in parse
    raise NotImplementedError(f'{self.__class__.__name__}.parse callback is not defined')
NotImplementedError: RTSpider.parse callback is not defined
2022-01-26 15:53:41 [scrapy.core.engine] INFO: Closing spider (finished)
2022-01-26 15:53:41 [scrapy.statscollectors] INFO: Dumping Scrapy stats:
{'downloader/request_bytes': 280,
 'downloader/request_count': 1,
 'downloader/request_method_count/GET': 1,
 'downloader/response_bytes': 31122,
 'downloader/response_count': 1,
 'downloader/response_status_count/200': 1,
 'elapsed_time_seconds': 0.876422,
 'finish_reason': 'finished',
 'finish_time': datetime.datetime(2022, 1, 26, 6, 53, 41, 910388),
 'httpcompression/response_bytes': 154528,
 'httpcompression/response_count': 1,
 'log_count/DEBUG': 1,
 'log_count/ERROR': 1,
 'log_count/INFO': 10,
 'memusage/max': 57311232,
 'memusage/startup': 57311232,
 'response_received_count': 1,
 'scheduler/dequeued': 1,
 'scheduler/dequeued/memory': 1,
 'scheduler/enqueued': 1,
 'scheduler/enqueued/memory': 1,
 'spider_exceptions/NotImplementedError': 1,
 'start_time': datetime.datetime(2022, 1, 26, 6, 53, 41, 33966)}
2022-01-26 15:53:41 [scrapy.core.engine] INFO: Spider closed (finished)
2022-01-26 15:54:02 [scrapy.utils.log] INFO: Scrapy 2.5.1 started (bot: bobae)
2022-01-26 15:54:02 [scrapy.utils.log] INFO: Versions: lxml 4.6.3.0, libxml2 2.9.10, cssselect 1.1.0, parsel 1.6.0, w3lib 1.22.0, Twisted 21.7.0, Python 3.8.8 (default, Apr 13 2021, 19:58:26) - [GCC 7.3.0], pyOpenSSL 20.0.1 (OpenSSL 1.1.1k  25 Mar 2021), cryptography 3.4.7, Platform Linux-5.10.16.3-microsoft-standard-WSL2-x86_64-with-glibc2.10
2022-01-26 15:54:02 [scrapy.utils.log] DEBUG: Using reactor: twisted.internet.epollreactor.EPollReactor
2022-01-26 15:54:02 [scrapy.crawler] INFO: Overridden settings:
{'BOT_NAME': 'bobae',
 'LOG_FILE': 'bobae.log',
 'NEWSPIDER_MODULE': 'bobae.spiders',
 'SPIDER_MODULES': ['bobae.spiders']}
2022-01-26 15:54:02 [scrapy.extensions.telnet] INFO: Telnet Password: dd452b2c81f1138c
2022-01-26 15:54:02 [scrapy.middleware] INFO: Enabled extensions:
['scrapy.extensions.corestats.CoreStats',
 'scrapy.extensions.telnet.TelnetConsole',
 'scrapy.extensions.memusage.MemoryUsage',
 'scrapy.extensions.feedexport.FeedExporter',
 'scrapy.extensions.logstats.LogStats']
2022-01-26 15:54:02 [scrapy.middleware] INFO: Enabled downloader middlewares:
['scrapy.downloadermiddlewares.httpauth.HttpAuthMiddleware',
 'scrapy.downloadermiddlewares.downloadtimeout.DownloadTimeoutMiddleware',
 'scrapy.downloadermiddlewares.defaultheaders.DefaultHeadersMiddleware',
 'scrapy.downloadermiddlewares.useragent.UserAgentMiddleware',
 'scrapy.downloadermiddlewares.retry.RetryMiddleware',
 'scrapy.downloadermiddlewares.redirect.MetaRefreshMiddleware',
 'scrapy.downloadermiddlewares.httpcompression.HttpCompressionMiddleware',
 'scrapy.downloadermiddlewares.redirect.RedirectMiddleware',
 'scrapy.downloadermiddlewares.cookies.CookiesMiddleware',
 'scrapy.downloadermiddlewares.httpproxy.HttpProxyMiddleware',
 'scrapy.downloadermiddlewares.stats.DownloaderStats']
2022-01-26 15:54:02 [scrapy.middleware] INFO: Enabled spider middlewares:
['scrapy.spidermiddlewares.httperror.HttpErrorMiddleware',
 'scrapy.spidermiddlewares.offsite.OffsiteMiddleware',
 'scrapy.spidermiddlewares.referer.RefererMiddleware',
 'scrapy.spidermiddlewares.urllength.UrlLengthMiddleware',
 'scrapy.spidermiddlewares.depth.DepthMiddleware']
2022-01-26 15:54:02 [scrapy.middleware] INFO: Enabled item pipelines:
[]
2022-01-26 15:54:02 [scrapy.core.engine] INFO: Spider opened
2022-01-26 15:54:02 [scrapy.extensions.logstats] INFO: Crawled 0 pages (at 0 pages/min), scraped 0 items (at 0 items/min)
2022-01-26 15:54:02 [scrapy.extensions.telnet] INFO: Telnet console listening on 127.0.0.1:6025
2022-01-26 15:54:02 [scrapy.core.engine] DEBUG: Crawled (200) <GET https://www.bobaedream.co.kr/view?code=politic&No=525624&rtn=%2Flist%3Fcode%3Dpolitic> (referer: None)
2022-01-26 15:54:03 [scrapy.core.scraper] DEBUG: Scraped from <200 https://www.bobaedream.co.kr/view?code=politic&No=525624&rtn=%2Flist%3Fcode%3Dpolitic>
{'title': ['(삭제 재업)안녕하세요, 홍가혜 입니다.']}
2022-01-26 15:54:03 [scrapy.core.engine] INFO: Closing spider (finished)
2022-01-26 15:54:03 [scrapy.extensions.feedexport] INFO: Stored csv feed (1 items) in: test3.csv
2022-01-26 15:54:03 [scrapy.statscollectors] INFO: Dumping Scrapy stats:
{'downloader/request_bytes': 280,
 'downloader/request_count': 1,
 'downloader/request_method_count/GET': 1,
 'downloader/response_bytes': 31121,
 'downloader/response_count': 1,
 'downloader/response_status_count/200': 1,
 'elapsed_time_seconds': 0.351423,
 'feedexport/success_count/FileFeedStorage': 1,
 'finish_reason': 'finished',
 'finish_time': datetime.datetime(2022, 1, 26, 6, 54, 3, 54790),
 'httpcompression/response_bytes': 154511,
 'httpcompression/response_count': 1,
 'item_scraped_count': 1,
 'log_count/DEBUG': 2,
 'log_count/INFO': 11,
 'memusage/max': 57532416,
 'memusage/startup': 57532416,
 'response_received_count': 1,
 'scheduler/dequeued': 1,
 'scheduler/dequeued/memory': 1,
 'scheduler/enqueued': 1,
 'scheduler/enqueued/memory': 1,
 'start_time': datetime.datetime(2022, 1, 26, 6, 54, 2, 703367)}
2022-01-26 15:54:03 [scrapy.core.engine] INFO: Spider closed (finished)
2022-01-26 15:56:46 [scrapy.utils.log] INFO: Scrapy 2.5.1 started (bot: bobae)
2022-01-26 15:56:46 [scrapy.utils.log] INFO: Versions: lxml 4.6.3.0, libxml2 2.9.10, cssselect 1.1.0, parsel 1.6.0, w3lib 1.22.0, Twisted 21.7.0, Python 3.8.8 (default, Apr 13 2021, 19:58:26) - [GCC 7.3.0], pyOpenSSL 20.0.1 (OpenSSL 1.1.1k  25 Mar 2021), cryptography 3.4.7, Platform Linux-5.10.16.3-microsoft-standard-WSL2-x86_64-with-glibc2.10
2022-01-26 15:56:46 [scrapy.utils.log] DEBUG: Using reactor: twisted.internet.epollreactor.EPollReactor
2022-01-26 15:56:46 [scrapy.crawler] INFO: Overridden settings:
{'BOT_NAME': 'bobae',
 'DUPEFILTER_CLASS': 'scrapy.dupefilters.BaseDupeFilter',
 'LOGSTATS_INTERVAL': 0,
 'LOG_FILE': 'bobae.log',
 'NEWSPIDER_MODULE': 'bobae.spiders',
 'SPIDER_MODULES': ['bobae.spiders']}
2022-01-26 15:56:46 [scrapy.extensions.telnet] INFO: Telnet Password: d5035543d803650b
2022-01-26 15:56:46 [scrapy.middleware] INFO: Enabled extensions:
['scrapy.extensions.corestats.CoreStats',
 'scrapy.extensions.telnet.TelnetConsole',
 'scrapy.extensions.memusage.MemoryUsage']
2022-01-26 15:56:46 [scrapy.middleware] INFO: Enabled downloader middlewares:
['scrapy.downloadermiddlewares.httpauth.HttpAuthMiddleware',
 'scrapy.downloadermiddlewares.downloadtimeout.DownloadTimeoutMiddleware',
 'scrapy.downloadermiddlewares.defaultheaders.DefaultHeadersMiddleware',
 'scrapy.downloadermiddlewares.useragent.UserAgentMiddleware',
 'scrapy.downloadermiddlewares.retry.RetryMiddleware',
 'scrapy.downloadermiddlewares.redirect.MetaRefreshMiddleware',
 'scrapy.downloadermiddlewares.httpcompression.HttpCompressionMiddleware',
 'scrapy.downloadermiddlewares.redirect.RedirectMiddleware',
 'scrapy.downloadermiddlewares.cookies.CookiesMiddleware',
 'scrapy.downloadermiddlewares.httpproxy.HttpProxyMiddleware',
 'scrapy.downloadermiddlewares.stats.DownloaderStats']
2022-01-26 15:56:46 [scrapy.middleware] INFO: Enabled spider middlewares:
['scrapy.spidermiddlewares.httperror.HttpErrorMiddleware',
 'scrapy.spidermiddlewares.offsite.OffsiteMiddleware',
 'scrapy.spidermiddlewares.referer.RefererMiddleware',
 'scrapy.spidermiddlewares.urllength.UrlLengthMiddleware',
 'scrapy.spidermiddlewares.depth.DepthMiddleware']
2022-01-26 15:56:46 [scrapy.middleware] INFO: Enabled item pipelines:
[]
2022-01-26 15:56:46 [scrapy.extensions.telnet] INFO: Telnet console listening on 127.0.0.1:6025
2022-01-26 15:56:46 [asyncio] DEBUG: Using selector: EpollSelector
2022-01-26 15:56:47 [asyncio] DEBUG: Using selector: EpollSelector
2022-01-26 15:56:56 [scrapy.core.engine] INFO: Spider opened
2022-01-26 15:56:56 [scrapy.downloadermiddlewares.retry] DEBUG: Retrying <GET https://www.bobaedream.co.kr/list?code=politic> (failed 1 times): [<twisted.python.failure.Failure twisted.internet.error.ConnectionLost: Connection to the other side was lost in a non-clean fashion: Connection lost.>]
2022-01-26 15:56:56 [scrapy.core.engine] DEBUG: Crawled (200) <GET https://www.bobaedream.co.kr/list?code=politic> (referer: None)
2022-01-26 15:58:45 [scrapy.utils.log] INFO: Scrapy 2.5.1 started (bot: bobae)
2022-01-26 15:58:45 [scrapy.utils.log] INFO: Versions: lxml 4.6.3.0, libxml2 2.9.10, cssselect 1.1.0, parsel 1.6.0, w3lib 1.22.0, Twisted 21.7.0, Python 3.8.8 (default, Apr 13 2021, 19:58:26) - [GCC 7.3.0], pyOpenSSL 20.0.1 (OpenSSL 1.1.1k  25 Mar 2021), cryptography 3.4.7, Platform Linux-5.10.16.3-microsoft-standard-WSL2-x86_64-with-glibc2.10
2022-01-26 15:58:45 [scrapy.utils.log] DEBUG: Using reactor: twisted.internet.epollreactor.EPollReactor
2022-01-26 15:58:45 [scrapy.crawler] INFO: Overridden settings:
{'BOT_NAME': 'bobae',
 'LOG_FILE': 'bobae.log',
 'NEWSPIDER_MODULE': 'bobae.spiders',
 'SPIDER_MODULES': ['bobae.spiders']}
2022-01-26 15:58:45 [scrapy.extensions.telnet] INFO: Telnet Password: 9fe4ebdfda25fe21
2022-01-26 15:58:45 [scrapy.middleware] INFO: Enabled extensions:
['scrapy.extensions.corestats.CoreStats',
 'scrapy.extensions.telnet.TelnetConsole',
 'scrapy.extensions.memusage.MemoryUsage',
 'scrapy.extensions.feedexport.FeedExporter',
 'scrapy.extensions.logstats.LogStats']
2022-01-26 15:58:45 [scrapy.middleware] INFO: Enabled downloader middlewares:
['scrapy.downloadermiddlewares.httpauth.HttpAuthMiddleware',
 'scrapy.downloadermiddlewares.downloadtimeout.DownloadTimeoutMiddleware',
 'scrapy.downloadermiddlewares.defaultheaders.DefaultHeadersMiddleware',
 'scrapy.downloadermiddlewares.useragent.UserAgentMiddleware',
 'scrapy.downloadermiddlewares.retry.RetryMiddleware',
 'scrapy.downloadermiddlewares.redirect.MetaRefreshMiddleware',
 'scrapy.downloadermiddlewares.httpcompression.HttpCompressionMiddleware',
 'scrapy.downloadermiddlewares.redirect.RedirectMiddleware',
 'scrapy.downloadermiddlewares.cookies.CookiesMiddleware',
 'scrapy.downloadermiddlewares.httpproxy.HttpProxyMiddleware',
 'scrapy.downloadermiddlewares.stats.DownloaderStats']
2022-01-26 15:58:45 [scrapy.middleware] INFO: Enabled spider middlewares:
['scrapy.spidermiddlewares.httperror.HttpErrorMiddleware',
 'scrapy.spidermiddlewares.offsite.OffsiteMiddleware',
 'scrapy.spidermiddlewares.referer.RefererMiddleware',
 'scrapy.spidermiddlewares.urllength.UrlLengthMiddleware',
 'scrapy.spidermiddlewares.depth.DepthMiddleware']
2022-01-26 15:58:45 [scrapy.middleware] INFO: Enabled item pipelines:
[]
2022-01-26 15:58:45 [scrapy.core.engine] INFO: Spider opened
2022-01-26 15:58:45 [scrapy.extensions.logstats] INFO: Crawled 0 pages (at 0 pages/min), scraped 0 items (at 0 items/min)
2022-01-26 15:58:45 [scrapy.extensions.telnet] INFO: Telnet console listening on 127.0.0.1:6025
2022-01-26 15:58:45 [scrapy.core.engine] DEBUG: Crawled (200) <GET https://www.bobaedream.co.kr/list?code=politic> (referer: None)
2022-01-26 15:58:45 [scrapy.spidermiddlewares.offsite] DEBUG: Filtered offsite request to 'www.bobaedream.co.kr': <GET https://www.bobaedream.co.kr/view?code=politic&No=525624&rtn=%2Flist%3Fcode%3Dpolitic>
2022-01-26 15:58:45 [scrapy.core.engine] INFO: Closing spider (finished)
2022-01-26 15:58:45 [scrapy.statscollectors] INFO: Dumping Scrapy stats:
{'downloader/request_bytes': 241,
 'downloader/request_count': 1,
 'downloader/request_method_count/GET': 1,
 'downloader/response_bytes': 19453,
 'downloader/response_count': 1,
 'downloader/response_status_count/200': 1,
 'elapsed_time_seconds': 0.323903,
 'finish_reason': 'finished',
 'finish_time': datetime.datetime(2022, 1, 26, 6, 58, 45, 447163),
 'httpcompression/response_bytes': 119490,
 'httpcompression/response_count': 1,
 'log_count/DEBUG': 2,
 'log_count/INFO': 10,
 'memusage/max': 57819136,
 'memusage/startup': 57819136,
 'offsite/domains': 1,
 'offsite/filtered': 36,
 'request_depth_max': 1,
 'response_received_count': 1,
 'scheduler/dequeued': 1,
 'scheduler/dequeued/memory': 1,
 'scheduler/enqueued': 1,
 'scheduler/enqueued/memory': 1,
 'start_time': datetime.datetime(2022, 1, 26, 6, 58, 45, 123260)}
2022-01-26 15:58:45 [scrapy.core.engine] INFO: Spider closed (finished)
2022-01-26 16:00:06 [scrapy.utils.log] INFO: Scrapy 2.5.1 started (bot: bobae)
2022-01-26 16:00:06 [scrapy.utils.log] INFO: Versions: lxml 4.6.3.0, libxml2 2.9.10, cssselect 1.1.0, parsel 1.6.0, w3lib 1.22.0, Twisted 21.7.0, Python 3.8.8 (default, Apr 13 2021, 19:58:26) - [GCC 7.3.0], pyOpenSSL 20.0.1 (OpenSSL 1.1.1k  25 Mar 2021), cryptography 3.4.7, Platform Linux-5.10.16.3-microsoft-standard-WSL2-x86_64-with-glibc2.10
2022-01-26 16:00:06 [scrapy.utils.log] DEBUG: Using reactor: twisted.internet.epollreactor.EPollReactor
2022-01-26 16:00:06 [scrapy.crawler] INFO: Overridden settings:
{'BOT_NAME': 'bobae',
 'LOG_FILE': 'bobae.log',
 'NEWSPIDER_MODULE': 'bobae.spiders',
 'SPIDER_MODULES': ['bobae.spiders']}
2022-01-26 16:00:06 [scrapy.extensions.telnet] INFO: Telnet Password: 38dad35c82148710
2022-01-26 16:00:06 [scrapy.middleware] INFO: Enabled extensions:
['scrapy.extensions.corestats.CoreStats',
 'scrapy.extensions.telnet.TelnetConsole',
 'scrapy.extensions.memusage.MemoryUsage',
 'scrapy.extensions.feedexport.FeedExporter',
 'scrapy.extensions.logstats.LogStats']
2022-01-26 16:00:06 [scrapy.middleware] INFO: Enabled downloader middlewares:
['scrapy.downloadermiddlewares.httpauth.HttpAuthMiddleware',
 'scrapy.downloadermiddlewares.downloadtimeout.DownloadTimeoutMiddleware',
 'scrapy.downloadermiddlewares.defaultheaders.DefaultHeadersMiddleware',
 'scrapy.downloadermiddlewares.useragent.UserAgentMiddleware',
 'scrapy.downloadermiddlewares.retry.RetryMiddleware',
 'scrapy.downloadermiddlewares.redirect.MetaRefreshMiddleware',
 'scrapy.downloadermiddlewares.httpcompression.HttpCompressionMiddleware',
 'scrapy.downloadermiddlewares.redirect.RedirectMiddleware',
 'scrapy.downloadermiddlewares.cookies.CookiesMiddleware',
 'scrapy.downloadermiddlewares.httpproxy.HttpProxyMiddleware',
 'scrapy.downloadermiddlewares.stats.DownloaderStats']
2022-01-26 16:00:06 [scrapy.middleware] INFO: Enabled spider middlewares:
['scrapy.spidermiddlewares.httperror.HttpErrorMiddleware',
 'scrapy.spidermiddlewares.offsite.OffsiteMiddleware',
 'scrapy.spidermiddlewares.referer.RefererMiddleware',
 'scrapy.spidermiddlewares.urllength.UrlLengthMiddleware',
 'scrapy.spidermiddlewares.depth.DepthMiddleware']
2022-01-26 16:00:06 [scrapy.middleware] INFO: Enabled item pipelines:
[]
2022-01-26 16:00:06 [scrapy.core.engine] INFO: Spider opened
2022-01-26 16:00:06 [scrapy.extensions.logstats] INFO: Crawled 0 pages (at 0 pages/min), scraped 0 items (at 0 items/min)
2022-01-26 16:00:06 [scrapy.extensions.telnet] INFO: Telnet console listening on 127.0.0.1:6025
2022-01-26 16:00:06 [scrapy.core.engine] DEBUG: Crawled (200) <GET https://www.bobaedream.co.kr/view?code=politic&No=528349&bm=1> (referer: None)
2022-01-26 16:00:06 [scrapy.core.engine] INFO: Closing spider (finished)
2022-01-26 16:00:06 [scrapy.statscollectors] INFO: Dumping Scrapy stats:
{'downloader/request_bytes': 256,
 'downloader/request_count': 1,
 'downloader/request_method_count/GET': 1,
 'downloader/response_bytes': 29223,
 'downloader/response_count': 1,
 'downloader/response_status_count/200': 1,
 'elapsed_time_seconds': 0.329675,
 'finish_reason': 'finished',
 'finish_time': datetime.datetime(2022, 1, 26, 7, 0, 6, 613081),
 'httpcompression/response_bytes': 142844,
 'httpcompression/response_count': 1,
 'log_count/DEBUG': 1,
 'log_count/INFO': 10,
 'memusage/max': 57520128,
 'memusage/startup': 57520128,
 'response_received_count': 1,
 'scheduler/dequeued': 1,
 'scheduler/dequeued/memory': 1,
 'scheduler/enqueued': 1,
 'scheduler/enqueued/memory': 1,
 'start_time': datetime.datetime(2022, 1, 26, 7, 0, 6, 283406)}
2022-01-26 16:00:06 [scrapy.core.engine] INFO: Spider closed (finished)
2022-01-26 16:00:32 [scrapy.utils.log] INFO: Scrapy 2.5.1 started (bot: bobae)
2022-01-26 16:00:32 [scrapy.utils.log] INFO: Versions: lxml 4.6.3.0, libxml2 2.9.10, cssselect 1.1.0, parsel 1.6.0, w3lib 1.22.0, Twisted 21.7.0, Python 3.8.8 (default, Apr 13 2021, 19:58:26) - [GCC 7.3.0], pyOpenSSL 20.0.1 (OpenSSL 1.1.1k  25 Mar 2021), cryptography 3.4.7, Platform Linux-5.10.16.3-microsoft-standard-WSL2-x86_64-with-glibc2.10
2022-01-26 16:00:32 [scrapy.utils.log] DEBUG: Using reactor: twisted.internet.epollreactor.EPollReactor
2022-01-26 16:00:32 [scrapy.crawler] INFO: Overridden settings:
{'BOT_NAME': 'bobae',
 'LOG_FILE': 'bobae.log',
 'NEWSPIDER_MODULE': 'bobae.spiders',
 'SPIDER_MODULES': ['bobae.spiders']}
2022-01-26 16:00:32 [scrapy.extensions.telnet] INFO: Telnet Password: f64cef14772baf5b
2022-01-26 16:00:32 [scrapy.middleware] INFO: Enabled extensions:
['scrapy.extensions.corestats.CoreStats',
 'scrapy.extensions.telnet.TelnetConsole',
 'scrapy.extensions.memusage.MemoryUsage',
 'scrapy.extensions.feedexport.FeedExporter',
 'scrapy.extensions.logstats.LogStats']
2022-01-26 16:00:32 [scrapy.middleware] INFO: Enabled downloader middlewares:
['scrapy.downloadermiddlewares.httpauth.HttpAuthMiddleware',
 'scrapy.downloadermiddlewares.downloadtimeout.DownloadTimeoutMiddleware',
 'scrapy.downloadermiddlewares.defaultheaders.DefaultHeadersMiddleware',
 'scrapy.downloadermiddlewares.useragent.UserAgentMiddleware',
 'scrapy.downloadermiddlewares.retry.RetryMiddleware',
 'scrapy.downloadermiddlewares.redirect.MetaRefreshMiddleware',
 'scrapy.downloadermiddlewares.httpcompression.HttpCompressionMiddleware',
 'scrapy.downloadermiddlewares.redirect.RedirectMiddleware',
 'scrapy.downloadermiddlewares.cookies.CookiesMiddleware',
 'scrapy.downloadermiddlewares.httpproxy.HttpProxyMiddleware',
 'scrapy.downloadermiddlewares.stats.DownloaderStats']
2022-01-26 16:00:32 [scrapy.middleware] INFO: Enabled spider middlewares:
['scrapy.spidermiddlewares.httperror.HttpErrorMiddleware',
 'scrapy.spidermiddlewares.offsite.OffsiteMiddleware',
 'scrapy.spidermiddlewares.referer.RefererMiddleware',
 'scrapy.spidermiddlewares.urllength.UrlLengthMiddleware',
 'scrapy.spidermiddlewares.depth.DepthMiddleware']
2022-01-26 16:00:32 [scrapy.middleware] INFO: Enabled item pipelines:
[]
2022-01-26 16:00:32 [scrapy.core.engine] INFO: Spider opened
2022-01-26 16:00:32 [scrapy.extensions.logstats] INFO: Crawled 0 pages (at 0 pages/min), scraped 0 items (at 0 items/min)
2022-01-26 16:00:32 [scrapy.extensions.telnet] INFO: Telnet console listening on 127.0.0.1:6025
2022-01-26 16:00:32 [scrapy.core.engine] DEBUG: Crawled (200) <GET https://www.bobaedream.co.kr/view?code=politic&No=528349&bm=1> (referer: None)
2022-01-26 16:00:32 [scrapy.core.scraper] DEBUG: Scraped from <200 https://www.bobaedream.co.kr/view?code=politic&No=528349&bm=1>
{'title': ['근데 진짜 신기한데']}
2022-01-26 16:00:32 [scrapy.core.engine] INFO: Closing spider (finished)
2022-01-26 16:00:32 [scrapy.extensions.feedexport] INFO: Stored csv feed (1 items) in: test3.csv
2022-01-26 16:00:32 [scrapy.statscollectors] INFO: Dumping Scrapy stats:
{'downloader/request_bytes': 256,
 'downloader/request_count': 1,
 'downloader/request_method_count/GET': 1,
 'downloader/response_bytes': 29234,
 'downloader/response_count': 1,
 'downloader/response_status_count/200': 1,
 'elapsed_time_seconds': 0.332345,
 'feedexport/success_count/FileFeedStorage': 1,
 'finish_reason': 'finished',
 'finish_time': datetime.datetime(2022, 1, 26, 7, 0, 32, 537172),
 'httpcompression/response_bytes': 142807,
 'httpcompression/response_count': 1,
 'item_scraped_count': 1,
 'log_count/DEBUG': 2,
 'log_count/INFO': 11,
 'memusage/max': 57556992,
 'memusage/startup': 57556992,
 'response_received_count': 1,
 'scheduler/dequeued': 1,
 'scheduler/dequeued/memory': 1,
 'scheduler/enqueued': 1,
 'scheduler/enqueued/memory': 1,
 'start_time': datetime.datetime(2022, 1, 26, 7, 0, 32, 204827)}
2022-01-26 16:00:32 [scrapy.core.engine] INFO: Spider closed (finished)
2022-01-26 16:04:33 [scrapy.utils.log] INFO: Scrapy 2.5.1 started (bot: bobae)
2022-01-26 16:04:33 [scrapy.utils.log] INFO: Versions: lxml 4.6.3.0, libxml2 2.9.10, cssselect 1.1.0, parsel 1.6.0, w3lib 1.22.0, Twisted 21.7.0, Python 3.8.8 (default, Apr 13 2021, 19:58:26) - [GCC 7.3.0], pyOpenSSL 20.0.1 (OpenSSL 1.1.1k  25 Mar 2021), cryptography 3.4.7, Platform Linux-5.10.16.3-microsoft-standard-WSL2-x86_64-with-glibc2.10
2022-01-26 16:04:33 [scrapy.utils.log] DEBUG: Using reactor: twisted.internet.epollreactor.EPollReactor
2022-01-26 16:04:33 [scrapy.crawler] INFO: Overridden settings:
{'BOT_NAME': 'bobae',
 'LOG_FILE': 'bobae.log',
 'NEWSPIDER_MODULE': 'bobae.spiders',
 'SPIDER_MODULES': ['bobae.spiders']}
2022-01-26 16:04:33 [scrapy.extensions.telnet] INFO: Telnet Password: ebff9c51aede82da
2022-01-26 16:04:33 [scrapy.middleware] INFO: Enabled extensions:
['scrapy.extensions.corestats.CoreStats',
 'scrapy.extensions.telnet.TelnetConsole',
 'scrapy.extensions.memusage.MemoryUsage',
 'scrapy.extensions.feedexport.FeedExporter',
 'scrapy.extensions.logstats.LogStats']
2022-01-26 16:04:33 [scrapy.middleware] INFO: Enabled downloader middlewares:
['scrapy.downloadermiddlewares.httpauth.HttpAuthMiddleware',
 'scrapy.downloadermiddlewares.downloadtimeout.DownloadTimeoutMiddleware',
 'scrapy.downloadermiddlewares.defaultheaders.DefaultHeadersMiddleware',
 'scrapy.downloadermiddlewares.useragent.UserAgentMiddleware',
 'scrapy.downloadermiddlewares.retry.RetryMiddleware',
 'scrapy.downloadermiddlewares.redirect.MetaRefreshMiddleware',
 'scrapy.downloadermiddlewares.httpcompression.HttpCompressionMiddleware',
 'scrapy.downloadermiddlewares.redirect.RedirectMiddleware',
 'scrapy.downloadermiddlewares.cookies.CookiesMiddleware',
 'scrapy.downloadermiddlewares.httpproxy.HttpProxyMiddleware',
 'scrapy.downloadermiddlewares.stats.DownloaderStats']
2022-01-26 16:04:33 [scrapy.middleware] INFO: Enabled spider middlewares:
['scrapy.spidermiddlewares.httperror.HttpErrorMiddleware',
 'scrapy.spidermiddlewares.offsite.OffsiteMiddleware',
 'scrapy.spidermiddlewares.referer.RefererMiddleware',
 'scrapy.spidermiddlewares.urllength.UrlLengthMiddleware',
 'scrapy.spidermiddlewares.depth.DepthMiddleware']
2022-01-26 16:04:33 [scrapy.middleware] INFO: Enabled item pipelines:
[]
2022-01-26 16:04:33 [scrapy.core.engine] INFO: Spider opened
2022-01-26 16:04:33 [scrapy.extensions.logstats] INFO: Crawled 0 pages (at 0 pages/min), scraped 0 items (at 0 items/min)
2022-01-26 16:04:33 [scrapy.extensions.telnet] INFO: Telnet console listening on 127.0.0.1:6025
2022-01-26 16:04:33 [scrapy.core.engine] DEBUG: Crawled (200) <GET https://www.bobaedream.co.kr/list?code=politic&s_cate=&maker_no=&model_no=&or_gu=10&or_se=desc&s_selday=&pagescale=30&info3=&noticeShow=&s_select=&s_key=&level_no=&vdate=&type=list&page=3> (referer: None)
2022-01-26 16:04:33 [scrapy.spidermiddlewares.offsite] DEBUG: Filtered offsite request to 'www.bobaedream.co.kr': <GET https://www.bobaedream.co.kr/view?code=politic&No=528320&bm=1>
2022-01-26 16:04:33 [scrapy.core.engine] INFO: Closing spider (finished)
2022-01-26 16:04:33 [scrapy.statscollectors] INFO: Dumping Scrapy stats:
{'downloader/request_bytes': 382,
 'downloader/request_count': 1,
 'downloader/request_method_count/GET': 1,
 'downloader/response_bytes': 18975,
 'downloader/response_count': 1,
 'downloader/response_status_count/200': 1,
 'elapsed_time_seconds': 0.266116,
 'finish_reason': 'finished',
 'finish_time': datetime.datetime(2022, 1, 26, 7, 4, 33, 993330),
 'httpcompression/response_bytes': 112664,
 'httpcompression/response_count': 1,
 'log_count/DEBUG': 2,
 'log_count/INFO': 10,
 'memusage/max': 57544704,
 'memusage/startup': 57544704,
 'offsite/domains': 1,
 'offsite/filtered': 30,
 'request_depth_max': 1,
 'response_received_count': 1,
 'scheduler/dequeued': 1,
 'scheduler/dequeued/memory': 1,
 'scheduler/enqueued': 1,
 'scheduler/enqueued/memory': 1,
 'start_time': datetime.datetime(2022, 1, 26, 7, 4, 33, 727214)}
2022-01-26 16:04:33 [scrapy.core.engine] INFO: Spider closed (finished)
2022-01-26 16:06:08 [scrapy.utils.log] INFO: Scrapy 2.5.1 started (bot: bobae)
2022-01-26 16:06:08 [scrapy.utils.log] INFO: Versions: lxml 4.6.3.0, libxml2 2.9.10, cssselect 1.1.0, parsel 1.6.0, w3lib 1.22.0, Twisted 21.7.0, Python 3.8.8 (default, Apr 13 2021, 19:58:26) - [GCC 7.3.0], pyOpenSSL 20.0.1 (OpenSSL 1.1.1k  25 Mar 2021), cryptography 3.4.7, Platform Linux-5.10.16.3-microsoft-standard-WSL2-x86_64-with-glibc2.10
2022-01-26 16:06:08 [scrapy.utils.log] DEBUG: Using reactor: twisted.internet.epollreactor.EPollReactor
2022-01-26 16:06:08 [scrapy.crawler] INFO: Overridden settings:
{'BOT_NAME': 'bobae',
 'LOG_FILE': 'bobae.log',
 'NEWSPIDER_MODULE': 'bobae.spiders',
 'SPIDER_MODULES': ['bobae.spiders']}
2022-01-26 16:06:08 [scrapy.extensions.telnet] INFO: Telnet Password: 932b2518523c9c8d
2022-01-26 16:06:08 [scrapy.middleware] INFO: Enabled extensions:
['scrapy.extensions.corestats.CoreStats',
 'scrapy.extensions.telnet.TelnetConsole',
 'scrapy.extensions.memusage.MemoryUsage',
 'scrapy.extensions.feedexport.FeedExporter',
 'scrapy.extensions.logstats.LogStats']
2022-01-26 16:06:08 [scrapy.middleware] INFO: Enabled downloader middlewares:
['scrapy.downloadermiddlewares.httpauth.HttpAuthMiddleware',
 'scrapy.downloadermiddlewares.downloadtimeout.DownloadTimeoutMiddleware',
 'scrapy.downloadermiddlewares.defaultheaders.DefaultHeadersMiddleware',
 'scrapy.downloadermiddlewares.useragent.UserAgentMiddleware',
 'scrapy.downloadermiddlewares.retry.RetryMiddleware',
 'scrapy.downloadermiddlewares.redirect.MetaRefreshMiddleware',
 'scrapy.downloadermiddlewares.httpcompression.HttpCompressionMiddleware',
 'scrapy.downloadermiddlewares.redirect.RedirectMiddleware',
 'scrapy.downloadermiddlewares.cookies.CookiesMiddleware',
 'scrapy.downloadermiddlewares.httpproxy.HttpProxyMiddleware',
 'scrapy.downloadermiddlewares.stats.DownloaderStats']
2022-01-26 16:06:08 [scrapy.middleware] INFO: Enabled spider middlewares:
['scrapy.spidermiddlewares.httperror.HttpErrorMiddleware',
 'scrapy.spidermiddlewares.offsite.OffsiteMiddleware',
 'scrapy.spidermiddlewares.referer.RefererMiddleware',
 'scrapy.spidermiddlewares.urllength.UrlLengthMiddleware',
 'scrapy.spidermiddlewares.depth.DepthMiddleware']
2022-01-26 16:06:08 [scrapy.middleware] INFO: Enabled item pipelines:
[]
2022-01-26 16:06:08 [scrapy.core.engine] INFO: Spider opened
2022-01-26 16:06:08 [scrapy.extensions.logstats] INFO: Crawled 0 pages (at 0 pages/min), scraped 0 items (at 0 items/min)
2022-01-26 16:06:08 [scrapy.extensions.telnet] INFO: Telnet console listening on 127.0.0.1:6025
2022-01-26 16:06:09 [scrapy.core.engine] DEBUG: Crawled (200) <GET https://www.bobaedream.co.kr/list?code=politic&s_cate=&maker_no=&model_no=&or_gu=10&or_se=desc&s_selday=&pagescale=30&info3=&noticeShow=&s_select=&s_key=&level_no=&vdate=&type=list&page=3> (referer: None)
2022-01-26 16:06:09 [scrapy.spidermiddlewares.offsite] DEBUG: Filtered offsite request to 'www.bobaedream.co.kr': <GET https://www.bobaedream.co.kr/view?code=politic&No=528321&bm=1>
2022-01-26 16:06:09 [scrapy.core.engine] INFO: Closing spider (finished)
2022-01-26 16:06:09 [scrapy.statscollectors] INFO: Dumping Scrapy stats:
{'downloader/request_bytes': 382,
 'downloader/request_count': 1,
 'downloader/request_method_count/GET': 1,
 'downloader/response_bytes': 18946,
 'downloader/response_count': 1,
 'downloader/response_status_count/200': 1,
 'elapsed_time_seconds': 0.293302,
 'finish_reason': 'finished',
 'finish_time': datetime.datetime(2022, 1, 26, 7, 6, 9, 152241),
 'httpcompression/response_bytes': 112478,
 'httpcompression/response_count': 1,
 'log_count/DEBUG': 2,
 'log_count/INFO': 10,
 'memusage/max': 57757696,
 'memusage/startup': 57757696,
 'offsite/domains': 1,
 'offsite/filtered': 30,
 'request_depth_max': 1,
 'response_received_count': 1,
 'scheduler/dequeued': 1,
 'scheduler/dequeued/memory': 1,
 'scheduler/enqueued': 1,
 'scheduler/enqueued/memory': 1,
 'start_time': datetime.datetime(2022, 1, 26, 7, 6, 8, 858939)}
2022-01-26 16:06:09 [scrapy.core.engine] INFO: Spider closed (finished)
2022-01-26 16:06:18 [scrapy.utils.log] INFO: Scrapy 2.5.1 started (bot: bobae)
2022-01-26 16:06:19 [scrapy.utils.log] INFO: Versions: lxml 4.6.3.0, libxml2 2.9.10, cssselect 1.1.0, parsel 1.6.0, w3lib 1.22.0, Twisted 21.7.0, Python 3.8.8 (default, Apr 13 2021, 19:58:26) - [GCC 7.3.0], pyOpenSSL 20.0.1 (OpenSSL 1.1.1k  25 Mar 2021), cryptography 3.4.7, Platform Linux-5.10.16.3-microsoft-standard-WSL2-x86_64-with-glibc2.10
2022-01-26 16:06:19 [scrapy.utils.log] DEBUG: Using reactor: twisted.internet.epollreactor.EPollReactor
2022-01-26 16:06:19 [scrapy.crawler] INFO: Overridden settings:
{'BOT_NAME': 'bobae',
 'LOG_FILE': 'bobae.log',
 'NEWSPIDER_MODULE': 'bobae.spiders',
 'SPIDER_MODULES': ['bobae.spiders']}
2022-01-26 16:06:19 [scrapy.extensions.telnet] INFO: Telnet Password: f3fcf793a2ac7a39
2022-01-26 16:06:19 [scrapy.middleware] INFO: Enabled extensions:
['scrapy.extensions.corestats.CoreStats',
 'scrapy.extensions.telnet.TelnetConsole',
 'scrapy.extensions.memusage.MemoryUsage',
 'scrapy.extensions.feedexport.FeedExporter',
 'scrapy.extensions.logstats.LogStats']
2022-01-26 16:06:19 [scrapy.middleware] INFO: Enabled downloader middlewares:
['scrapy.downloadermiddlewares.httpauth.HttpAuthMiddleware',
 'scrapy.downloadermiddlewares.downloadtimeout.DownloadTimeoutMiddleware',
 'scrapy.downloadermiddlewares.defaultheaders.DefaultHeadersMiddleware',
 'scrapy.downloadermiddlewares.useragent.UserAgentMiddleware',
 'scrapy.downloadermiddlewares.retry.RetryMiddleware',
 'scrapy.downloadermiddlewares.redirect.MetaRefreshMiddleware',
 'scrapy.downloadermiddlewares.httpcompression.HttpCompressionMiddleware',
 'scrapy.downloadermiddlewares.redirect.RedirectMiddleware',
 'scrapy.downloadermiddlewares.cookies.CookiesMiddleware',
 'scrapy.downloadermiddlewares.httpproxy.HttpProxyMiddleware',
 'scrapy.downloadermiddlewares.stats.DownloaderStats']
2022-01-26 16:06:19 [scrapy.middleware] INFO: Enabled spider middlewares:
['scrapy.spidermiddlewares.httperror.HttpErrorMiddleware',
 'scrapy.spidermiddlewares.offsite.OffsiteMiddleware',
 'scrapy.spidermiddlewares.referer.RefererMiddleware',
 'scrapy.spidermiddlewares.urllength.UrlLengthMiddleware',
 'scrapy.spidermiddlewares.depth.DepthMiddleware']
2022-01-26 16:06:19 [scrapy.middleware] INFO: Enabled item pipelines:
[]
2022-01-26 16:06:19 [scrapy.core.engine] INFO: Spider opened
2022-01-26 16:06:19 [scrapy.extensions.logstats] INFO: Crawled 0 pages (at 0 pages/min), scraped 0 items (at 0 items/min)
2022-01-26 16:06:19 [scrapy.extensions.telnet] INFO: Telnet console listening on 127.0.0.1:6025
2022-01-26 16:06:19 [scrapy.core.engine] DEBUG: Crawled (200) <GET https://www.bobaedream.co.kr/list?code=politic&s_cate=&maker_no=&model_no=&or_gu=10&or_se=desc&s_selday=&pagescale=30&info3=&noticeShow=&s_select=&s_key=&level_no=&vdate=&type=list&page=3> (referer: None)
2022-01-26 16:06:19 [scrapy.spidermiddlewares.offsite] DEBUG: Filtered offsite request to 'www.bobaedream.co.kr': <GET https://www.bobaedream.co.kr/view?code=politic&No=528321&bm=1>
2022-01-26 16:06:19 [scrapy.core.engine] INFO: Closing spider (finished)
2022-01-26 16:06:19 [scrapy.statscollectors] INFO: Dumping Scrapy stats:
{'downloader/request_bytes': 382,
 'downloader/request_count': 1,
 'downloader/request_method_count/GET': 1,
 'downloader/response_bytes': 18946,
 'downloader/response_count': 1,
 'downloader/response_status_count/200': 1,
 'elapsed_time_seconds': 0.286564,
 'finish_reason': 'finished',
 'finish_time': datetime.datetime(2022, 1, 26, 7, 6, 19, 327303),
 'httpcompression/response_bytes': 112478,
 'httpcompression/response_count': 1,
 'log_count/DEBUG': 2,
 'log_count/INFO': 10,
 'memusage/max': 57532416,
 'memusage/startup': 57532416,
 'offsite/domains': 1,
 'offsite/filtered': 30,
 'request_depth_max': 1,
 'response_received_count': 1,
 'scheduler/dequeued': 1,
 'scheduler/dequeued/memory': 1,
 'scheduler/enqueued': 1,
 'scheduler/enqueued/memory': 1,
 'start_time': datetime.datetime(2022, 1, 26, 7, 6, 19, 40739)}
2022-01-26 16:06:19 [scrapy.core.engine] INFO: Spider closed (finished)
2022-01-26 16:07:58 [scrapy.utils.log] INFO: Scrapy 2.5.1 started (bot: bobae)
2022-01-26 16:07:58 [scrapy.utils.log] INFO: Versions: lxml 4.6.3.0, libxml2 2.9.10, cssselect 1.1.0, parsel 1.6.0, w3lib 1.22.0, Twisted 21.7.0, Python 3.8.8 (default, Apr 13 2021, 19:58:26) - [GCC 7.3.0], pyOpenSSL 20.0.1 (OpenSSL 1.1.1k  25 Mar 2021), cryptography 3.4.7, Platform Linux-5.10.16.3-microsoft-standard-WSL2-x86_64-with-glibc2.10
2022-01-26 16:07:58 [scrapy.utils.log] DEBUG: Using reactor: twisted.internet.epollreactor.EPollReactor
2022-01-26 16:07:58 [scrapy.crawler] INFO: Overridden settings:
{'BOT_NAME': 'bobae',
 'LOG_FILE': 'bobae.log',
 'NEWSPIDER_MODULE': 'bobae.spiders',
 'SPIDER_MODULES': ['bobae.spiders']}
2022-01-26 16:07:58 [scrapy.extensions.telnet] INFO: Telnet Password: 39c1c373ad0c0028
2022-01-26 16:07:58 [scrapy.middleware] INFO: Enabled extensions:
['scrapy.extensions.corestats.CoreStats',
 'scrapy.extensions.telnet.TelnetConsole',
 'scrapy.extensions.memusage.MemoryUsage',
 'scrapy.extensions.feedexport.FeedExporter',
 'scrapy.extensions.logstats.LogStats']
2022-01-26 16:07:58 [scrapy.middleware] INFO: Enabled downloader middlewares:
['scrapy.downloadermiddlewares.httpauth.HttpAuthMiddleware',
 'scrapy.downloadermiddlewares.downloadtimeout.DownloadTimeoutMiddleware',
 'scrapy.downloadermiddlewares.defaultheaders.DefaultHeadersMiddleware',
 'scrapy.downloadermiddlewares.useragent.UserAgentMiddleware',
 'scrapy.downloadermiddlewares.retry.RetryMiddleware',
 'scrapy.downloadermiddlewares.redirect.MetaRefreshMiddleware',
 'scrapy.downloadermiddlewares.httpcompression.HttpCompressionMiddleware',
 'scrapy.downloadermiddlewares.redirect.RedirectMiddleware',
 'scrapy.downloadermiddlewares.cookies.CookiesMiddleware',
 'scrapy.downloadermiddlewares.httpproxy.HttpProxyMiddleware',
 'scrapy.downloadermiddlewares.stats.DownloaderStats']
2022-01-26 16:07:58 [scrapy.middleware] INFO: Enabled spider middlewares:
['scrapy.spidermiddlewares.httperror.HttpErrorMiddleware',
 'scrapy.spidermiddlewares.offsite.OffsiteMiddleware',
 'scrapy.spidermiddlewares.referer.RefererMiddleware',
 'scrapy.spidermiddlewares.urllength.UrlLengthMiddleware',
 'scrapy.spidermiddlewares.depth.DepthMiddleware']
2022-01-26 16:07:58 [scrapy.middleware] INFO: Enabled item pipelines:
[]
2022-01-26 16:07:58 [scrapy.core.engine] INFO: Spider opened
2022-01-26 16:07:58 [scrapy.extensions.logstats] INFO: Crawled 0 pages (at 0 pages/min), scraped 0 items (at 0 items/min)
2022-01-26 16:07:58 [scrapy.extensions.telnet] INFO: Telnet console listening on 127.0.0.1:6025
2022-01-26 16:07:58 [scrapy.core.engine] DEBUG: Crawled (200) <GET https://www.bobaedream.co.kr/list?code=politic&s_cate=&maker_no=&model_no=&or_gu=10&or_se=desc&s_selday=&pagescale=30&info3=&noticeShow=&s_select=&s_key=&level_no=&vdate=&type=list&page=3> (referer: None)
2022-01-26 16:07:58 [scrapy.core.scraper] ERROR: Spider must return request, item, or None, got 'str' in <GET https://www.bobaedream.co.kr/list?code=politic&s_cate=&maker_no=&model_no=&or_gu=10&or_se=desc&s_selday=&pagescale=30&info3=&noticeShow=&s_select=&s_key=&level_no=&vdate=&type=list&page=3>
2022-01-26 16:07:58 [scrapy.core.scraper] ERROR: Spider must return request, item, or None, got 'str' in <GET https://www.bobaedream.co.kr/list?code=politic&s_cate=&maker_no=&model_no=&or_gu=10&or_se=desc&s_selday=&pagescale=30&info3=&noticeShow=&s_select=&s_key=&level_no=&vdate=&type=list&page=3>
2022-01-26 16:07:58 [scrapy.core.scraper] ERROR: Spider must return request, item, or None, got 'str' in <GET https://www.bobaedream.co.kr/list?code=politic&s_cate=&maker_no=&model_no=&or_gu=10&or_se=desc&s_selday=&pagescale=30&info3=&noticeShow=&s_select=&s_key=&level_no=&vdate=&type=list&page=3>
2022-01-26 16:07:58 [scrapy.core.scraper] ERROR: Spider must return request, item, or None, got 'str' in <GET https://www.bobaedream.co.kr/list?code=politic&s_cate=&maker_no=&model_no=&or_gu=10&or_se=desc&s_selday=&pagescale=30&info3=&noticeShow=&s_select=&s_key=&level_no=&vdate=&type=list&page=3>
2022-01-26 16:07:58 [scrapy.core.scraper] ERROR: Spider must return request, item, or None, got 'str' in <GET https://www.bobaedream.co.kr/list?code=politic&s_cate=&maker_no=&model_no=&or_gu=10&or_se=desc&s_selday=&pagescale=30&info3=&noticeShow=&s_select=&s_key=&level_no=&vdate=&type=list&page=3>
2022-01-26 16:07:58 [scrapy.core.scraper] ERROR: Spider must return request, item, or None, got 'str' in <GET https://www.bobaedream.co.kr/list?code=politic&s_cate=&maker_no=&model_no=&or_gu=10&or_se=desc&s_selday=&pagescale=30&info3=&noticeShow=&s_select=&s_key=&level_no=&vdate=&type=list&page=3>
2022-01-26 16:07:58 [scrapy.core.scraper] ERROR: Spider must return request, item, or None, got 'str' in <GET https://www.bobaedream.co.kr/list?code=politic&s_cate=&maker_no=&model_no=&or_gu=10&or_se=desc&s_selday=&pagescale=30&info3=&noticeShow=&s_select=&s_key=&level_no=&vdate=&type=list&page=3>
2022-01-26 16:07:58 [scrapy.core.scraper] ERROR: Spider must return request, item, or None, got 'str' in <GET https://www.bobaedream.co.kr/list?code=politic&s_cate=&maker_no=&model_no=&or_gu=10&or_se=desc&s_selday=&pagescale=30&info3=&noticeShow=&s_select=&s_key=&level_no=&vdate=&type=list&page=3>
2022-01-26 16:07:58 [scrapy.core.scraper] ERROR: Spider must return request, item, or None, got 'str' in <GET https://www.bobaedream.co.kr/list?code=politic&s_cate=&maker_no=&model_no=&or_gu=10&or_se=desc&s_selday=&pagescale=30&info3=&noticeShow=&s_select=&s_key=&level_no=&vdate=&type=list&page=3>
2022-01-26 16:07:58 [scrapy.core.scraper] ERROR: Spider must return request, item, or None, got 'str' in <GET https://www.bobaedream.co.kr/list?code=politic&s_cate=&maker_no=&model_no=&or_gu=10&or_se=desc&s_selday=&pagescale=30&info3=&noticeShow=&s_select=&s_key=&level_no=&vdate=&type=list&page=3>
2022-01-26 16:07:58 [scrapy.core.scraper] ERROR: Spider must return request, item, or None, got 'str' in <GET https://www.bobaedream.co.kr/list?code=politic&s_cate=&maker_no=&model_no=&or_gu=10&or_se=desc&s_selday=&pagescale=30&info3=&noticeShow=&s_select=&s_key=&level_no=&vdate=&type=list&page=3>
2022-01-26 16:07:58 [scrapy.core.scraper] ERROR: Spider must return request, item, or None, got 'str' in <GET https://www.bobaedream.co.kr/list?code=politic&s_cate=&maker_no=&model_no=&or_gu=10&or_se=desc&s_selday=&pagescale=30&info3=&noticeShow=&s_select=&s_key=&level_no=&vdate=&type=list&page=3>
2022-01-26 16:07:58 [scrapy.core.scraper] ERROR: Spider must return request, item, or None, got 'str' in <GET https://www.bobaedream.co.kr/list?code=politic&s_cate=&maker_no=&model_no=&or_gu=10&or_se=desc&s_selday=&pagescale=30&info3=&noticeShow=&s_select=&s_key=&level_no=&vdate=&type=list&page=3>
2022-01-26 16:07:58 [scrapy.core.scraper] ERROR: Spider must return request, item, or None, got 'str' in <GET https://www.bobaedream.co.kr/list?code=politic&s_cate=&maker_no=&model_no=&or_gu=10&or_se=desc&s_selday=&pagescale=30&info3=&noticeShow=&s_select=&s_key=&level_no=&vdate=&type=list&page=3>
2022-01-26 16:07:58 [scrapy.core.scraper] ERROR: Spider must return request, item, or None, got 'str' in <GET https://www.bobaedream.co.kr/list?code=politic&s_cate=&maker_no=&model_no=&or_gu=10&or_se=desc&s_selday=&pagescale=30&info3=&noticeShow=&s_select=&s_key=&level_no=&vdate=&type=list&page=3>
2022-01-26 16:07:58 [scrapy.core.scraper] ERROR: Spider must return request, item, or None, got 'str' in <GET https://www.bobaedream.co.kr/list?code=politic&s_cate=&maker_no=&model_no=&or_gu=10&or_se=desc&s_selday=&pagescale=30&info3=&noticeShow=&s_select=&s_key=&level_no=&vdate=&type=list&page=3>
2022-01-26 16:07:58 [scrapy.core.scraper] ERROR: Spider must return request, item, or None, got 'str' in <GET https://www.bobaedream.co.kr/list?code=politic&s_cate=&maker_no=&model_no=&or_gu=10&or_se=desc&s_selday=&pagescale=30&info3=&noticeShow=&s_select=&s_key=&level_no=&vdate=&type=list&page=3>
2022-01-26 16:07:58 [scrapy.core.scraper] ERROR: Spider must return request, item, or None, got 'str' in <GET https://www.bobaedream.co.kr/list?code=politic&s_cate=&maker_no=&model_no=&or_gu=10&or_se=desc&s_selday=&pagescale=30&info3=&noticeShow=&s_select=&s_key=&level_no=&vdate=&type=list&page=3>
2022-01-26 16:07:58 [scrapy.core.scraper] ERROR: Spider must return request, item, or None, got 'str' in <GET https://www.bobaedream.co.kr/list?code=politic&s_cate=&maker_no=&model_no=&or_gu=10&or_se=desc&s_selday=&pagescale=30&info3=&noticeShow=&s_select=&s_key=&level_no=&vdate=&type=list&page=3>
2022-01-26 16:07:58 [scrapy.core.scraper] ERROR: Spider must return request, item, or None, got 'str' in <GET https://www.bobaedream.co.kr/list?code=politic&s_cate=&maker_no=&model_no=&or_gu=10&or_se=desc&s_selday=&pagescale=30&info3=&noticeShow=&s_select=&s_key=&level_no=&vdate=&type=list&page=3>
2022-01-26 16:07:58 [scrapy.core.scraper] ERROR: Spider must return request, item, or None, got 'str' in <GET https://www.bobaedream.co.kr/list?code=politic&s_cate=&maker_no=&model_no=&or_gu=10&or_se=desc&s_selday=&pagescale=30&info3=&noticeShow=&s_select=&s_key=&level_no=&vdate=&type=list&page=3>
2022-01-26 16:07:58 [scrapy.core.scraper] ERROR: Spider must return request, item, or None, got 'str' in <GET https://www.bobaedream.co.kr/list?code=politic&s_cate=&maker_no=&model_no=&or_gu=10&or_se=desc&s_selday=&pagescale=30&info3=&noticeShow=&s_select=&s_key=&level_no=&vdate=&type=list&page=3>
2022-01-26 16:07:58 [scrapy.core.scraper] ERROR: Spider must return request, item, or None, got 'str' in <GET https://www.bobaedream.co.kr/list?code=politic&s_cate=&maker_no=&model_no=&or_gu=10&or_se=desc&s_selday=&pagescale=30&info3=&noticeShow=&s_select=&s_key=&level_no=&vdate=&type=list&page=3>
2022-01-26 16:07:58 [scrapy.core.scraper] ERROR: Spider must return request, item, or None, got 'str' in <GET https://www.bobaedream.co.kr/list?code=politic&s_cate=&maker_no=&model_no=&or_gu=10&or_se=desc&s_selday=&pagescale=30&info3=&noticeShow=&s_select=&s_key=&level_no=&vdate=&type=list&page=3>
2022-01-26 16:07:58 [scrapy.core.scraper] ERROR: Spider must return request, item, or None, got 'str' in <GET https://www.bobaedream.co.kr/list?code=politic&s_cate=&maker_no=&model_no=&or_gu=10&or_se=desc&s_selday=&pagescale=30&info3=&noticeShow=&s_select=&s_key=&level_no=&vdate=&type=list&page=3>
2022-01-26 16:07:58 [scrapy.core.scraper] ERROR: Spider must return request, item, or None, got 'str' in <GET https://www.bobaedream.co.kr/list?code=politic&s_cate=&maker_no=&model_no=&or_gu=10&or_se=desc&s_selday=&pagescale=30&info3=&noticeShow=&s_select=&s_key=&level_no=&vdate=&type=list&page=3>
2022-01-26 16:07:58 [scrapy.core.scraper] ERROR: Spider must return request, item, or None, got 'str' in <GET https://www.bobaedream.co.kr/list?code=politic&s_cate=&maker_no=&model_no=&or_gu=10&or_se=desc&s_selday=&pagescale=30&info3=&noticeShow=&s_select=&s_key=&level_no=&vdate=&type=list&page=3>
2022-01-26 16:07:58 [scrapy.core.scraper] ERROR: Spider must return request, item, or None, got 'str' in <GET https://www.bobaedream.co.kr/list?code=politic&s_cate=&maker_no=&model_no=&or_gu=10&or_se=desc&s_selday=&pagescale=30&info3=&noticeShow=&s_select=&s_key=&level_no=&vdate=&type=list&page=3>
2022-01-26 16:07:58 [scrapy.core.scraper] ERROR: Spider must return request, item, or None, got 'str' in <GET https://www.bobaedream.co.kr/list?code=politic&s_cate=&maker_no=&model_no=&or_gu=10&or_se=desc&s_selday=&pagescale=30&info3=&noticeShow=&s_select=&s_key=&level_no=&vdate=&type=list&page=3>
2022-01-26 16:07:58 [scrapy.core.scraper] ERROR: Spider must return request, item, or None, got 'str' in <GET https://www.bobaedream.co.kr/list?code=politic&s_cate=&maker_no=&model_no=&or_gu=10&or_se=desc&s_selday=&pagescale=30&info3=&noticeShow=&s_select=&s_key=&level_no=&vdate=&type=list&page=3>
2022-01-26 16:07:58 [scrapy.core.engine] INFO: Closing spider (finished)
2022-01-26 16:07:58 [scrapy.statscollectors] INFO: Dumping Scrapy stats:
{'downloader/request_bytes': 382,
 'downloader/request_count': 1,
 'downloader/request_method_count/GET': 1,
 'downloader/response_bytes': 18947,
 'downloader/response_count': 1,
 'downloader/response_status_count/200': 1,
 'elapsed_time_seconds': 0.343647,
 'finish_reason': 'finished',
 'finish_time': datetime.datetime(2022, 1, 26, 7, 7, 58, 922344),
 'httpcompression/response_bytes': 112478,
 'httpcompression/response_count': 1,
 'log_count/DEBUG': 1,
 'log_count/ERROR': 30,
 'log_count/INFO': 10,
 'memusage/max': 57397248,
 'memusage/startup': 57397248,
 'response_received_count': 1,
 'scheduler/dequeued': 1,
 'scheduler/dequeued/memory': 1,
 'scheduler/enqueued': 1,
 'scheduler/enqueued/memory': 1,
 'start_time': datetime.datetime(2022, 1, 26, 7, 7, 58, 578697)}
2022-01-26 16:07:58 [scrapy.core.engine] INFO: Spider closed (finished)
2022-01-26 16:08:13 [scrapy.utils.log] INFO: Scrapy 2.5.1 started (bot: bobae)
2022-01-26 16:08:13 [scrapy.utils.log] INFO: Versions: lxml 4.6.3.0, libxml2 2.9.10, cssselect 1.1.0, parsel 1.6.0, w3lib 1.22.0, Twisted 21.7.0, Python 3.8.8 (default, Apr 13 2021, 19:58:26) - [GCC 7.3.0], pyOpenSSL 20.0.1 (OpenSSL 1.1.1k  25 Mar 2021), cryptography 3.4.7, Platform Linux-5.10.16.3-microsoft-standard-WSL2-x86_64-with-glibc2.10
2022-01-26 16:08:13 [scrapy.utils.log] DEBUG: Using reactor: twisted.internet.epollreactor.EPollReactor
2022-01-26 16:08:13 [scrapy.crawler] INFO: Overridden settings:
{'BOT_NAME': 'bobae',
 'LOG_FILE': 'bobae.log',
 'NEWSPIDER_MODULE': 'bobae.spiders',
 'SPIDER_MODULES': ['bobae.spiders']}
2022-01-26 16:08:13 [scrapy.extensions.telnet] INFO: Telnet Password: 1f2ab7a80f26f98e
2022-01-26 16:08:13 [scrapy.middleware] INFO: Enabled extensions:
['scrapy.extensions.corestats.CoreStats',
 'scrapy.extensions.telnet.TelnetConsole',
 'scrapy.extensions.memusage.MemoryUsage',
 'scrapy.extensions.feedexport.FeedExporter',
 'scrapy.extensions.logstats.LogStats']
2022-01-26 16:08:13 [scrapy.middleware] INFO: Enabled downloader middlewares:
['scrapy.downloadermiddlewares.httpauth.HttpAuthMiddleware',
 'scrapy.downloadermiddlewares.downloadtimeout.DownloadTimeoutMiddleware',
 'scrapy.downloadermiddlewares.defaultheaders.DefaultHeadersMiddleware',
 'scrapy.downloadermiddlewares.useragent.UserAgentMiddleware',
 'scrapy.downloadermiddlewares.retry.RetryMiddleware',
 'scrapy.downloadermiddlewares.redirect.MetaRefreshMiddleware',
 'scrapy.downloadermiddlewares.httpcompression.HttpCompressionMiddleware',
 'scrapy.downloadermiddlewares.redirect.RedirectMiddleware',
 'scrapy.downloadermiddlewares.cookies.CookiesMiddleware',
 'scrapy.downloadermiddlewares.httpproxy.HttpProxyMiddleware',
 'scrapy.downloadermiddlewares.stats.DownloaderStats']
2022-01-26 16:08:13 [scrapy.middleware] INFO: Enabled spider middlewares:
['scrapy.spidermiddlewares.httperror.HttpErrorMiddleware',
 'scrapy.spidermiddlewares.offsite.OffsiteMiddleware',
 'scrapy.spidermiddlewares.referer.RefererMiddleware',
 'scrapy.spidermiddlewares.urllength.UrlLengthMiddleware',
 'scrapy.spidermiddlewares.depth.DepthMiddleware']
2022-01-26 16:08:13 [scrapy.middleware] INFO: Enabled item pipelines:
[]
2022-01-26 16:08:13 [scrapy.core.engine] INFO: Spider opened
2022-01-26 16:08:13 [scrapy.extensions.logstats] INFO: Crawled 0 pages (at 0 pages/min), scraped 0 items (at 0 items/min)
2022-01-26 16:08:13 [scrapy.extensions.telnet] INFO: Telnet console listening on 127.0.0.1:6025
2022-01-26 16:08:13 [scrapy.core.engine] DEBUG: Crawled (200) <GET https://www.bobaedream.co.kr/list?code=politic&s_cate=&maker_no=&model_no=&or_gu=10&or_se=desc&s_selday=&pagescale=30&info3=&noticeShow=&s_select=&s_key=&level_no=&vdate=&type=list&page=3> (referer: None)
2022-01-26 16:08:14 [scrapy.core.scraper] ERROR: Spider must return request, item, or None, got 'str' in <GET https://www.bobaedream.co.kr/list?code=politic&s_cate=&maker_no=&model_no=&or_gu=10&or_se=desc&s_selday=&pagescale=30&info3=&noticeShow=&s_select=&s_key=&level_no=&vdate=&type=list&page=3>
2022-01-26 16:08:14 [scrapy.core.scraper] ERROR: Spider must return request, item, or None, got 'str' in <GET https://www.bobaedream.co.kr/list?code=politic&s_cate=&maker_no=&model_no=&or_gu=10&or_se=desc&s_selday=&pagescale=30&info3=&noticeShow=&s_select=&s_key=&level_no=&vdate=&type=list&page=3>
2022-01-26 16:08:14 [scrapy.core.scraper] ERROR: Spider must return request, item, or None, got 'str' in <GET https://www.bobaedream.co.kr/list?code=politic&s_cate=&maker_no=&model_no=&or_gu=10&or_se=desc&s_selday=&pagescale=30&info3=&noticeShow=&s_select=&s_key=&level_no=&vdate=&type=list&page=3>
2022-01-26 16:08:14 [scrapy.core.scraper] ERROR: Spider must return request, item, or None, got 'str' in <GET https://www.bobaedream.co.kr/list?code=politic&s_cate=&maker_no=&model_no=&or_gu=10&or_se=desc&s_selday=&pagescale=30&info3=&noticeShow=&s_select=&s_key=&level_no=&vdate=&type=list&page=3>
2022-01-26 16:08:14 [scrapy.core.scraper] ERROR: Spider must return request, item, or None, got 'str' in <GET https://www.bobaedream.co.kr/list?code=politic&s_cate=&maker_no=&model_no=&or_gu=10&or_se=desc&s_selday=&pagescale=30&info3=&noticeShow=&s_select=&s_key=&level_no=&vdate=&type=list&page=3>
2022-01-26 16:08:14 [scrapy.core.scraper] ERROR: Spider must return request, item, or None, got 'str' in <GET https://www.bobaedream.co.kr/list?code=politic&s_cate=&maker_no=&model_no=&or_gu=10&or_se=desc&s_selday=&pagescale=30&info3=&noticeShow=&s_select=&s_key=&level_no=&vdate=&type=list&page=3>
2022-01-26 16:08:14 [scrapy.core.scraper] ERROR: Spider must return request, item, or None, got 'str' in <GET https://www.bobaedream.co.kr/list?code=politic&s_cate=&maker_no=&model_no=&or_gu=10&or_se=desc&s_selday=&pagescale=30&info3=&noticeShow=&s_select=&s_key=&level_no=&vdate=&type=list&page=3>
2022-01-26 16:08:14 [scrapy.core.scraper] ERROR: Spider must return request, item, or None, got 'str' in <GET https://www.bobaedream.co.kr/list?code=politic&s_cate=&maker_no=&model_no=&or_gu=10&or_se=desc&s_selday=&pagescale=30&info3=&noticeShow=&s_select=&s_key=&level_no=&vdate=&type=list&page=3>
2022-01-26 16:08:14 [scrapy.core.scraper] ERROR: Spider must return request, item, or None, got 'str' in <GET https://www.bobaedream.co.kr/list?code=politic&s_cate=&maker_no=&model_no=&or_gu=10&or_se=desc&s_selday=&pagescale=30&info3=&noticeShow=&s_select=&s_key=&level_no=&vdate=&type=list&page=3>
2022-01-26 16:08:14 [scrapy.core.scraper] ERROR: Spider must return request, item, or None, got 'str' in <GET https://www.bobaedream.co.kr/list?code=politic&s_cate=&maker_no=&model_no=&or_gu=10&or_se=desc&s_selday=&pagescale=30&info3=&noticeShow=&s_select=&s_key=&level_no=&vdate=&type=list&page=3>
2022-01-26 16:08:14 [scrapy.core.scraper] ERROR: Spider must return request, item, or None, got 'str' in <GET https://www.bobaedream.co.kr/list?code=politic&s_cate=&maker_no=&model_no=&or_gu=10&or_se=desc&s_selday=&pagescale=30&info3=&noticeShow=&s_select=&s_key=&level_no=&vdate=&type=list&page=3>
2022-01-26 16:08:14 [scrapy.core.scraper] ERROR: Spider must return request, item, or None, got 'str' in <GET https://www.bobaedream.co.kr/list?code=politic&s_cate=&maker_no=&model_no=&or_gu=10&or_se=desc&s_selday=&pagescale=30&info3=&noticeShow=&s_select=&s_key=&level_no=&vdate=&type=list&page=3>
2022-01-26 16:08:14 [scrapy.core.scraper] ERROR: Spider must return request, item, or None, got 'str' in <GET https://www.bobaedream.co.kr/list?code=politic&s_cate=&maker_no=&model_no=&or_gu=10&or_se=desc&s_selday=&pagescale=30&info3=&noticeShow=&s_select=&s_key=&level_no=&vdate=&type=list&page=3>
2022-01-26 16:08:14 [scrapy.core.scraper] ERROR: Spider must return request, item, or None, got 'str' in <GET https://www.bobaedream.co.kr/list?code=politic&s_cate=&maker_no=&model_no=&or_gu=10&or_se=desc&s_selday=&pagescale=30&info3=&noticeShow=&s_select=&s_key=&level_no=&vdate=&type=list&page=3>
2022-01-26 16:08:14 [scrapy.core.scraper] ERROR: Spider must return request, item, or None, got 'str' in <GET https://www.bobaedream.co.kr/list?code=politic&s_cate=&maker_no=&model_no=&or_gu=10&or_se=desc&s_selday=&pagescale=30&info3=&noticeShow=&s_select=&s_key=&level_no=&vdate=&type=list&page=3>
2022-01-26 16:08:14 [scrapy.core.scraper] ERROR: Spider must return request, item, or None, got 'str' in <GET https://www.bobaedream.co.kr/list?code=politic&s_cate=&maker_no=&model_no=&or_gu=10&or_se=desc&s_selday=&pagescale=30&info3=&noticeShow=&s_select=&s_key=&level_no=&vdate=&type=list&page=3>
2022-01-26 16:08:14 [scrapy.core.scraper] ERROR: Spider must return request, item, or None, got 'str' in <GET https://www.bobaedream.co.kr/list?code=politic&s_cate=&maker_no=&model_no=&or_gu=10&or_se=desc&s_selday=&pagescale=30&info3=&noticeShow=&s_select=&s_key=&level_no=&vdate=&type=list&page=3>
2022-01-26 16:08:14 [scrapy.core.scraper] ERROR: Spider must return request, item, or None, got 'str' in <GET https://www.bobaedream.co.kr/list?code=politic&s_cate=&maker_no=&model_no=&or_gu=10&or_se=desc&s_selday=&pagescale=30&info3=&noticeShow=&s_select=&s_key=&level_no=&vdate=&type=list&page=3>
2022-01-26 16:08:14 [scrapy.core.scraper] ERROR: Spider must return request, item, or None, got 'str' in <GET https://www.bobaedream.co.kr/list?code=politic&s_cate=&maker_no=&model_no=&or_gu=10&or_se=desc&s_selday=&pagescale=30&info3=&noticeShow=&s_select=&s_key=&level_no=&vdate=&type=list&page=3>
2022-01-26 16:08:14 [scrapy.core.scraper] ERROR: Spider must return request, item, or None, got 'str' in <GET https://www.bobaedream.co.kr/list?code=politic&s_cate=&maker_no=&model_no=&or_gu=10&or_se=desc&s_selday=&pagescale=30&info3=&noticeShow=&s_select=&s_key=&level_no=&vdate=&type=list&page=3>
2022-01-26 16:08:14 [scrapy.core.scraper] ERROR: Spider must return request, item, or None, got 'str' in <GET https://www.bobaedream.co.kr/list?code=politic&s_cate=&maker_no=&model_no=&or_gu=10&or_se=desc&s_selday=&pagescale=30&info3=&noticeShow=&s_select=&s_key=&level_no=&vdate=&type=list&page=3>
2022-01-26 16:08:14 [scrapy.core.scraper] ERROR: Spider must return request, item, or None, got 'str' in <GET https://www.bobaedream.co.kr/list?code=politic&s_cate=&maker_no=&model_no=&or_gu=10&or_se=desc&s_selday=&pagescale=30&info3=&noticeShow=&s_select=&s_key=&level_no=&vdate=&type=list&page=3>
2022-01-26 16:08:14 [scrapy.core.scraper] ERROR: Spider must return request, item, or None, got 'str' in <GET https://www.bobaedream.co.kr/list?code=politic&s_cate=&maker_no=&model_no=&or_gu=10&or_se=desc&s_selday=&pagescale=30&info3=&noticeShow=&s_select=&s_key=&level_no=&vdate=&type=list&page=3>
2022-01-26 16:08:14 [scrapy.core.scraper] ERROR: Spider must return request, item, or None, got 'str' in <GET https://www.bobaedream.co.kr/list?code=politic&s_cate=&maker_no=&model_no=&or_gu=10&or_se=desc&s_selday=&pagescale=30&info3=&noticeShow=&s_select=&s_key=&level_no=&vdate=&type=list&page=3>
2022-01-26 16:08:14 [scrapy.core.scraper] ERROR: Spider must return request, item, or None, got 'str' in <GET https://www.bobaedream.co.kr/list?code=politic&s_cate=&maker_no=&model_no=&or_gu=10&or_se=desc&s_selday=&pagescale=30&info3=&noticeShow=&s_select=&s_key=&level_no=&vdate=&type=list&page=3>
2022-01-26 16:08:14 [scrapy.core.scraper] ERROR: Spider must return request, item, or None, got 'str' in <GET https://www.bobaedream.co.kr/list?code=politic&s_cate=&maker_no=&model_no=&or_gu=10&or_se=desc&s_selday=&pagescale=30&info3=&noticeShow=&s_select=&s_key=&level_no=&vdate=&type=list&page=3>
2022-01-26 16:08:14 [scrapy.core.scraper] ERROR: Spider must return request, item, or None, got 'str' in <GET https://www.bobaedream.co.kr/list?code=politic&s_cate=&maker_no=&model_no=&or_gu=10&or_se=desc&s_selday=&pagescale=30&info3=&noticeShow=&s_select=&s_key=&level_no=&vdate=&type=list&page=3>
2022-01-26 16:08:14 [scrapy.core.scraper] ERROR: Spider must return request, item, or None, got 'str' in <GET https://www.bobaedream.co.kr/list?code=politic&s_cate=&maker_no=&model_no=&or_gu=10&or_se=desc&s_selday=&pagescale=30&info3=&noticeShow=&s_select=&s_key=&level_no=&vdate=&type=list&page=3>
2022-01-26 16:08:14 [scrapy.core.scraper] ERROR: Spider must return request, item, or None, got 'str' in <GET https://www.bobaedream.co.kr/list?code=politic&s_cate=&maker_no=&model_no=&or_gu=10&or_se=desc&s_selday=&pagescale=30&info3=&noticeShow=&s_select=&s_key=&level_no=&vdate=&type=list&page=3>
2022-01-26 16:08:14 [scrapy.core.scraper] ERROR: Spider must return request, item, or None, got 'str' in <GET https://www.bobaedream.co.kr/list?code=politic&s_cate=&maker_no=&model_no=&or_gu=10&or_se=desc&s_selday=&pagescale=30&info3=&noticeShow=&s_select=&s_key=&level_no=&vdate=&type=list&page=3>
2022-01-26 16:08:14 [scrapy.core.engine] INFO: Closing spider (finished)
2022-01-26 16:08:14 [scrapy.statscollectors] INFO: Dumping Scrapy stats:
{'downloader/request_bytes': 382,
 'downloader/request_count': 1,
 'downloader/request_method_count/GET': 1,
 'downloader/response_bytes': 18944,
 'downloader/response_count': 1,
 'downloader/response_status_count/200': 1,
 'elapsed_time_seconds': 0.26687,
 'finish_reason': 'finished',
 'finish_time': datetime.datetime(2022, 1, 26, 7, 8, 14, 106539),
 'httpcompression/response_bytes': 112478,
 'httpcompression/response_count': 1,
 'log_count/DEBUG': 1,
 'log_count/ERROR': 30,
 'log_count/INFO': 10,
 'memusage/max': 57614336,
 'memusage/startup': 57614336,
 'response_received_count': 1,
 'scheduler/dequeued': 1,
 'scheduler/dequeued/memory': 1,
 'scheduler/enqueued': 1,
 'scheduler/enqueued/memory': 1,
 'start_time': datetime.datetime(2022, 1, 26, 7, 8, 13, 839669)}
2022-01-26 16:08:14 [scrapy.core.engine] INFO: Spider closed (finished)
2022-01-26 16:08:37 [scrapy.utils.log] INFO: Scrapy 2.5.1 started (bot: bobae)
2022-01-26 16:08:37 [scrapy.utils.log] INFO: Versions: lxml 4.6.3.0, libxml2 2.9.10, cssselect 1.1.0, parsel 1.6.0, w3lib 1.22.0, Twisted 21.7.0, Python 3.8.8 (default, Apr 13 2021, 19:58:26) - [GCC 7.3.0], pyOpenSSL 20.0.1 (OpenSSL 1.1.1k  25 Mar 2021), cryptography 3.4.7, Platform Linux-5.10.16.3-microsoft-standard-WSL2-x86_64-with-glibc2.10
2022-01-26 16:08:37 [scrapy.utils.log] DEBUG: Using reactor: twisted.internet.epollreactor.EPollReactor
2022-01-26 16:08:37 [scrapy.crawler] INFO: Overridden settings:
{'BOT_NAME': 'bobae',
 'LOG_FILE': 'bobae.log',
 'NEWSPIDER_MODULE': 'bobae.spiders',
 'SPIDER_MODULES': ['bobae.spiders']}
2022-01-26 16:08:37 [scrapy.extensions.telnet] INFO: Telnet Password: d43633535ceca391
2022-01-26 16:08:37 [scrapy.middleware] INFO: Enabled extensions:
['scrapy.extensions.corestats.CoreStats',
 'scrapy.extensions.telnet.TelnetConsole',
 'scrapy.extensions.memusage.MemoryUsage',
 'scrapy.extensions.feedexport.FeedExporter',
 'scrapy.extensions.logstats.LogStats']
2022-01-26 16:08:37 [scrapy.middleware] INFO: Enabled downloader middlewares:
['scrapy.downloadermiddlewares.httpauth.HttpAuthMiddleware',
 'scrapy.downloadermiddlewares.downloadtimeout.DownloadTimeoutMiddleware',
 'scrapy.downloadermiddlewares.defaultheaders.DefaultHeadersMiddleware',
 'scrapy.downloadermiddlewares.useragent.UserAgentMiddleware',
 'scrapy.downloadermiddlewares.retry.RetryMiddleware',
 'scrapy.downloadermiddlewares.redirect.MetaRefreshMiddleware',
 'scrapy.downloadermiddlewares.httpcompression.HttpCompressionMiddleware',
 'scrapy.downloadermiddlewares.redirect.RedirectMiddleware',
 'scrapy.downloadermiddlewares.cookies.CookiesMiddleware',
 'scrapy.downloadermiddlewares.httpproxy.HttpProxyMiddleware',
 'scrapy.downloadermiddlewares.stats.DownloaderStats']
2022-01-26 16:08:37 [scrapy.middleware] INFO: Enabled spider middlewares:
['scrapy.spidermiddlewares.httperror.HttpErrorMiddleware',
 'scrapy.spidermiddlewares.offsite.OffsiteMiddleware',
 'scrapy.spidermiddlewares.referer.RefererMiddleware',
 'scrapy.spidermiddlewares.urllength.UrlLengthMiddleware',
 'scrapy.spidermiddlewares.depth.DepthMiddleware']
2022-01-26 16:08:37 [scrapy.middleware] INFO: Enabled item pipelines:
[]
2022-01-26 16:08:37 [scrapy.core.engine] INFO: Spider opened
2022-01-26 16:08:37 [scrapy.extensions.logstats] INFO: Crawled 0 pages (at 0 pages/min), scraped 0 items (at 0 items/min)
2022-01-26 16:08:37 [scrapy.extensions.telnet] INFO: Telnet console listening on 127.0.0.1:6025
2022-01-26 16:08:37 [scrapy.core.engine] DEBUG: Crawled (200) <GET https://www.bobaedream.co.kr/list?code=politic&s_cate=&maker_no=&model_no=&or_gu=10&or_se=desc&s_selday=&pagescale=30&info3=&noticeShow=&s_select=&s_key=&level_no=&vdate=&type=list&page=3> (referer: None)
2022-01-26 16:08:37 [scrapy.core.scraper] ERROR: Spider error processing <GET https://www.bobaedream.co.kr/list?code=politic&s_cate=&maker_no=&model_no=&or_gu=10&or_se=desc&s_selday=&pagescale=30&info3=&noticeShow=&s_select=&s_key=&level_no=&vdate=&type=list&page=3> (referer: None)
Traceback (most recent call last):
  File "/home/seungeun/anaconda3/lib/python3.8/site-packages/twisted/internet/defer.py", line 858, in _runCallbacks
    current.result = callback(  # type: ignore[misc]
  File "/home/seungeun/anaconda3/lib/python3.8/site-packages/scrapy/spiders/__init__.py", line 90, in _parse
    return self.parse(response, **kwargs)
  File "/home/seungeun/scrapy_test/scrapy/bobae/bobae/spiders/politic.py", line 15, in parse
    orint(y)
NameError: name 'orint' is not defined
2022-01-26 16:08:37 [scrapy.core.engine] INFO: Closing spider (finished)
2022-01-26 16:08:37 [scrapy.statscollectors] INFO: Dumping Scrapy stats:
{'downloader/request_bytes': 382,
 'downloader/request_count': 1,
 'downloader/request_method_count/GET': 1,
 'downloader/response_bytes': 18943,
 'downloader/response_count': 1,
 'downloader/response_status_count/200': 1,
 'elapsed_time_seconds': 0.465725,
 'finish_reason': 'finished',
 'finish_time': datetime.datetime(2022, 1, 26, 7, 8, 37, 584908),
 'httpcompression/response_bytes': 112478,
 'httpcompression/response_count': 1,
 'log_count/DEBUG': 1,
 'log_count/ERROR': 1,
 'log_count/INFO': 10,
 'memusage/max': 57556992,
 'memusage/startup': 57556992,
 'response_received_count': 1,
 'scheduler/dequeued': 1,
 'scheduler/dequeued/memory': 1,
 'scheduler/enqueued': 1,
 'scheduler/enqueued/memory': 1,
 'spider_exceptions/NameError': 1,
 'start_time': datetime.datetime(2022, 1, 26, 7, 8, 37, 119183)}
2022-01-26 16:08:37 [scrapy.core.engine] INFO: Spider closed (finished)
