2022-01-24 09:05:28 [scrapy.utils.log] INFO: Scrapy 2.5.1 started (bot: example3)
2022-01-24 09:05:28 [scrapy.utils.log] INFO: Versions: lxml 4.6.3.0, libxml2 2.9.10, cssselect 1.1.0, parsel 1.6.0, w3lib 1.22.0, Twisted 21.7.0, Python 3.8.8 (default, Apr 13 2021, 19:58:26) - [GCC 7.3.0], pyOpenSSL 20.0.1 (OpenSSL 1.1.1k  25 Mar 2021), cryptography 3.4.7, Platform Linux-5.10.16.3-microsoft-standard-WSL2-x86_64-with-glibc2.10
2022-01-24 09:05:28 [scrapy.utils.log] DEBUG: Using reactor: twisted.internet.epollreactor.EPollReactor
2022-01-24 09:05:28 [scrapy.crawler] INFO: Overridden settings:
{'BOT_NAME': 'example3',
 'LOG_FILE': 'spider.log',
 'NEWSPIDER_MODULE': 'example3.spiders',
 'SPIDER_MODULES': ['example3.spiders']}
2022-01-24 09:05:28 [scrapy.extensions.telnet] INFO: Telnet Password: 148961ddc3ec655b
2022-01-24 09:05:28 [scrapy.middleware] INFO: Enabled extensions:
['scrapy.extensions.corestats.CoreStats',
 'scrapy.extensions.telnet.TelnetConsole',
 'scrapy.extensions.memusage.MemoryUsage',
 'scrapy.extensions.feedexport.FeedExporter',
 'scrapy.extensions.logstats.LogStats']
2022-01-24 09:05:28 [scrapy.middleware] INFO: Enabled downloader middlewares:
['scrapy.downloadermiddlewares.httpauth.HttpAuthMiddleware',
 'scrapy.downloadermiddlewares.downloadtimeout.DownloadTimeoutMiddleware',
 'scrapy.downloadermiddlewares.defaultheaders.DefaultHeadersMiddleware',
 'scrapy.downloadermiddlewares.useragent.UserAgentMiddleware',
 'scrapy.downloadermiddlewares.retry.RetryMiddleware',
 'scrapy.downloadermiddlewares.redirect.MetaRefreshMiddleware',
 'scrapy.downloadermiddlewares.httpcompression.HttpCompressionMiddleware',
 'scrapy.downloadermiddlewares.redirect.RedirectMiddleware',
 'scrapy.downloadermiddlewares.cookies.CookiesMiddleware',
 'scrapy.downloadermiddlewares.httpproxy.HttpProxyMiddleware',
 'scrapy.downloadermiddlewares.stats.DownloaderStats']
2022-01-24 09:05:28 [scrapy.middleware] INFO: Enabled spider middlewares:
['scrapy.spidermiddlewares.httperror.HttpErrorMiddleware',
 'scrapy.spidermiddlewares.offsite.OffsiteMiddleware',
 'scrapy.spidermiddlewares.referer.RefererMiddleware',
 'scrapy.spidermiddlewares.urllength.UrlLengthMiddleware',
 'scrapy.spidermiddlewares.depth.DepthMiddleware']
2022-01-24 09:05:28 [scrapy.middleware] INFO: Enabled item pipelines:
[]
2022-01-24 09:05:28 [scrapy.core.engine] INFO: Spider opened
2022-01-24 09:05:28 [scrapy.extensions.logstats] INFO: Crawled 0 pages (at 0 pages/min), scraped 0 items (at 0 items/min)
2022-01-24 09:05:28 [scrapy.extensions.telnet] INFO: Telnet console listening on 127.0.0.1:6023
2022-01-24 09:05:28 [scrapy.core.engine] DEBUG: Crawled (200) <GET https://www.rottentomatoes.com/top/bestofrt/?year=2017> (referer: None)
2022-01-24 09:05:28 [scrapy.core.scraper] ERROR: Spider error processing <GET https://www.rottentomatoes.com/top/bestofrt/?year=2017> (referer: None)
Traceback (most recent call last):
  File "/home/seungeun/anaconda3/lib/python3.8/site-packages/scrapy/utils/defer.py", line 120, in iter_errback
    yield next(it)
  File "/home/seungeun/anaconda3/lib/python3.8/site-packages/scrapy/utils/python.py", line 353, in __next__
    return next(self.data)
  File "/home/seungeun/anaconda3/lib/python3.8/site-packages/scrapy/utils/python.py", line 353, in __next__
    return next(self.data)
  File "/home/seungeun/anaconda3/lib/python3.8/site-packages/scrapy/core/spidermw.py", line 56, in _evaluate_iterable
    for r in iterable:
  File "/home/seungeun/anaconda3/lib/python3.8/site-packages/scrapy/spidermiddlewares/offsite.py", line 29, in process_spider_output
    for x in result:
  File "/home/seungeun/anaconda3/lib/python3.8/site-packages/scrapy/core/spidermw.py", line 56, in _evaluate_iterable
    for r in iterable:
  File "/home/seungeun/anaconda3/lib/python3.8/site-packages/scrapy/spidermiddlewares/referer.py", line 342, in <genexpr>
    return (_set_referer(r) for r in result or ())
  File "/home/seungeun/anaconda3/lib/python3.8/site-packages/scrapy/core/spidermw.py", line 56, in _evaluate_iterable
    for r in iterable:
  File "/home/seungeun/anaconda3/lib/python3.8/site-packages/scrapy/spidermiddlewares/urllength.py", line 40, in <genexpr>
    return (r for r in result or () if _filter(r))
  File "/home/seungeun/anaconda3/lib/python3.8/site-packages/scrapy/core/spidermw.py", line 56, in _evaluate_iterable
    for r in iterable:
  File "/home/seungeun/anaconda3/lib/python3.8/site-packages/scrapy/spidermiddlewares/depth.py", line 58, in <genexpr>
    return (r for r in result or () if _filter(r))
  File "/home/seungeun/anaconda3/lib/python3.8/site-packages/scrapy/core/spidermw.py", line 56, in _evaluate_iterable
    for r in iterable:
  File "/home/seungeun/scrapy_test/scrapy/example3/example3/spiders/rt_spider.py", line 13, in parse
    yield scrapy.Request(url, callback=self.parse_page_contents)
AttributeError: 'Rt_spiderSpider' object has no attribute 'parse_page_contents'
2022-01-24 09:05:28 [scrapy.core.engine] INFO: Closing spider (finished)
2022-01-24 09:05:28 [scrapy.statscollectors] INFO: Dumping Scrapy stats:
{'downloader/request_bytes': 249,
 'downloader/request_count': 1,
 'downloader/request_method_count/GET': 1,
 'downloader/response_bytes': 25570,
 'downloader/response_count': 1,
 'downloader/response_status_count/200': 1,
 'elapsed_time_seconds': 0.405597,
 'finish_reason': 'finished',
 'finish_time': datetime.datetime(2022, 1, 24, 0, 5, 28, 789635),
 'httpcompression/response_bytes': 162346,
 'httpcompression/response_count': 1,
 'log_count/DEBUG': 1,
 'log_count/ERROR': 1,
 'log_count/INFO': 10,
 'memusage/max': 57737216,
 'memusage/startup': 57737216,
 'response_received_count': 1,
 'scheduler/dequeued': 1,
 'scheduler/dequeued/memory': 1,
 'scheduler/enqueued': 1,
 'scheduler/enqueued/memory': 1,
 'spider_exceptions/AttributeError': 1,
 'start_time': datetime.datetime(2022, 1, 24, 0, 5, 28, 384038)}
2022-01-24 09:05:28 [scrapy.core.engine] INFO: Spider closed (finished)
2022-01-24 09:26:03 [scrapy.utils.log] INFO: Scrapy 2.5.1 started (bot: example3)
2022-01-24 09:26:03 [scrapy.utils.log] INFO: Versions: lxml 4.6.3.0, libxml2 2.9.10, cssselect 1.1.0, parsel 1.6.0, w3lib 1.22.0, Twisted 21.7.0, Python 3.8.8 (default, Apr 13 2021, 19:58:26) - [GCC 7.3.0], pyOpenSSL 20.0.1 (OpenSSL 1.1.1k  25 Mar 2021), cryptography 3.4.7, Platform Linux-5.10.16.3-microsoft-standard-WSL2-x86_64-with-glibc2.10
2022-01-24 09:26:03 [scrapy.utils.log] DEBUG: Using reactor: twisted.internet.epollreactor.EPollReactor
2022-01-24 09:26:03 [scrapy.crawler] INFO: Overridden settings:
{'BOT_NAME': 'example3',
 'LOG_FILE': 'spider.log',
 'NEWSPIDER_MODULE': 'example3.spiders',
 'SPIDER_MODULES': ['example3.spiders']}
2022-01-24 09:26:03 [scrapy.extensions.telnet] INFO: Telnet Password: fada9937de4323b2
2022-01-24 09:26:03 [scrapy.middleware] INFO: Enabled extensions:
['scrapy.extensions.corestats.CoreStats',
 'scrapy.extensions.telnet.TelnetConsole',
 'scrapy.extensions.memusage.MemoryUsage',
 'scrapy.extensions.feedexport.FeedExporter',
 'scrapy.extensions.logstats.LogStats']
2022-01-24 09:26:03 [scrapy.middleware] INFO: Enabled downloader middlewares:
['scrapy.downloadermiddlewares.httpauth.HttpAuthMiddleware',
 'scrapy.downloadermiddlewares.downloadtimeout.DownloadTimeoutMiddleware',
 'scrapy.downloadermiddlewares.defaultheaders.DefaultHeadersMiddleware',
 'scrapy.downloadermiddlewares.useragent.UserAgentMiddleware',
 'scrapy.downloadermiddlewares.retry.RetryMiddleware',
 'scrapy.downloadermiddlewares.redirect.MetaRefreshMiddleware',
 'scrapy.downloadermiddlewares.httpcompression.HttpCompressionMiddleware',
 'scrapy.downloadermiddlewares.redirect.RedirectMiddleware',
 'scrapy.downloadermiddlewares.cookies.CookiesMiddleware',
 'scrapy.downloadermiddlewares.httpproxy.HttpProxyMiddleware',
 'scrapy.downloadermiddlewares.stats.DownloaderStats']
2022-01-24 09:26:03 [scrapy.middleware] INFO: Enabled spider middlewares:
['scrapy.spidermiddlewares.httperror.HttpErrorMiddleware',
 'scrapy.spidermiddlewares.offsite.OffsiteMiddleware',
 'scrapy.spidermiddlewares.referer.RefererMiddleware',
 'scrapy.spidermiddlewares.urllength.UrlLengthMiddleware',
 'scrapy.spidermiddlewares.depth.DepthMiddleware']
2022-01-24 09:26:03 [scrapy.middleware] INFO: Enabled item pipelines:
[]
2022-01-24 09:26:03 [scrapy.core.engine] INFO: Spider opened
2022-01-24 09:26:03 [scrapy.extensions.logstats] INFO: Crawled 0 pages (at 0 pages/min), scraped 0 items (at 0 items/min)
2022-01-24 09:26:03 [scrapy.extensions.telnet] INFO: Telnet console listening on 127.0.0.1:6023
2022-01-24 09:26:03 [scrapy.core.engine] DEBUG: Crawled (200) <GET https://www.rottentomatoes.com/top/bestofrt/?year=2017> (referer: None)
2022-01-24 09:26:04 [scrapy.core.scraper] ERROR: Spider error processing <GET https://www.rottentomatoes.com/top/bestofrt/?year=2017> (referer: None)
Traceback (most recent call last):
  File "/home/seungeun/anaconda3/lib/python3.8/site-packages/scrapy/utils/defer.py", line 120, in iter_errback
    yield next(it)
  File "/home/seungeun/anaconda3/lib/python3.8/site-packages/scrapy/utils/python.py", line 353, in __next__
    return next(self.data)
  File "/home/seungeun/anaconda3/lib/python3.8/site-packages/scrapy/utils/python.py", line 353, in __next__
    return next(self.data)
  File "/home/seungeun/anaconda3/lib/python3.8/site-packages/scrapy/core/spidermw.py", line 56, in _evaluate_iterable
    for r in iterable:
  File "/home/seungeun/anaconda3/lib/python3.8/site-packages/scrapy/spidermiddlewares/offsite.py", line 29, in process_spider_output
    for x in result:
  File "/home/seungeun/anaconda3/lib/python3.8/site-packages/scrapy/core/spidermw.py", line 56, in _evaluate_iterable
    for r in iterable:
  File "/home/seungeun/anaconda3/lib/python3.8/site-packages/scrapy/spidermiddlewares/referer.py", line 342, in <genexpr>
    return (_set_referer(r) for r in result or ())
  File "/home/seungeun/anaconda3/lib/python3.8/site-packages/scrapy/core/spidermw.py", line 56, in _evaluate_iterable
    for r in iterable:
  File "/home/seungeun/anaconda3/lib/python3.8/site-packages/scrapy/spidermiddlewares/urllength.py", line 40, in <genexpr>
    return (r for r in result or () if _filter(r))
  File "/home/seungeun/anaconda3/lib/python3.8/site-packages/scrapy/core/spidermw.py", line 56, in _evaluate_iterable
    for r in iterable:
  File "/home/seungeun/anaconda3/lib/python3.8/site-packages/scrapy/spidermiddlewares/depth.py", line 58, in <genexpr>
    return (r for r in result or () if _filter(r))
  File "/home/seungeun/anaconda3/lib/python3.8/site-packages/scrapy/core/spidermw.py", line 56, in _evaluate_iterable
    for r in iterable:
  File "/home/seungeun/scrapy_test/scrapy/example3/example3/spiders/rt_spider.py", line 13, in parse
    yield scrapy.Request(url, callback=self.parse_page_contents)
AttributeError: 'Rt_spiderSpider' object has no attribute 'parse_page_contents'
2022-01-24 09:26:04 [scrapy.core.engine] INFO: Closing spider (finished)
2022-01-24 09:26:04 [scrapy.statscollectors] INFO: Dumping Scrapy stats:
{'downloader/request_bytes': 249,
 'downloader/request_count': 1,
 'downloader/request_method_count/GET': 1,
 'downloader/response_bytes': 25570,
 'downloader/response_count': 1,
 'downloader/response_status_count/200': 1,
 'elapsed_time_seconds': 0.399325,
 'finish_reason': 'finished',
 'finish_time': datetime.datetime(2022, 1, 24, 0, 26, 4, 28860),
 'httpcompression/response_bytes': 162346,
 'httpcompression/response_count': 1,
 'log_count/DEBUG': 1,
 'log_count/ERROR': 1,
 'log_count/INFO': 10,
 'memusage/max': 57786368,
 'memusage/startup': 57786368,
 'response_received_count': 1,
 'scheduler/dequeued': 1,
 'scheduler/dequeued/memory': 1,
 'scheduler/enqueued': 1,
 'scheduler/enqueued/memory': 1,
 'spider_exceptions/AttributeError': 1,
 'start_time': datetime.datetime(2022, 1, 24, 0, 26, 3, 629535)}
2022-01-24 09:26:04 [scrapy.core.engine] INFO: Spider closed (finished)
2022-01-24 09:26:29 [scrapy.utils.log] INFO: Scrapy 2.5.1 started (bot: example3)
2022-01-24 09:26:29 [scrapy.utils.log] INFO: Versions: lxml 4.6.3.0, libxml2 2.9.10, cssselect 1.1.0, parsel 1.6.0, w3lib 1.22.0, Twisted 21.7.0, Python 3.8.8 (default, Apr 13 2021, 19:58:26) - [GCC 7.3.0], pyOpenSSL 20.0.1 (OpenSSL 1.1.1k  25 Mar 2021), cryptography 3.4.7, Platform Linux-5.10.16.3-microsoft-standard-WSL2-x86_64-with-glibc2.10
2022-01-24 09:26:29 [scrapy.utils.log] DEBUG: Using reactor: twisted.internet.epollreactor.EPollReactor
2022-01-24 09:26:29 [scrapy.crawler] INFO: Overridden settings:
{'BOT_NAME': 'example3',
 'LOG_FILE': 'spider.log',
 'NEWSPIDER_MODULE': 'example3.spiders',
 'SPIDER_MODULES': ['example3.spiders']}
2022-01-24 09:26:29 [scrapy.extensions.telnet] INFO: Telnet Password: bb6d13b263f9c65b
2022-01-24 09:26:29 [scrapy.middleware] INFO: Enabled extensions:
['scrapy.extensions.corestats.CoreStats',
 'scrapy.extensions.telnet.TelnetConsole',
 'scrapy.extensions.memusage.MemoryUsage',
 'scrapy.extensions.feedexport.FeedExporter',
 'scrapy.extensions.logstats.LogStats']
2022-01-24 09:26:29 [scrapy.middleware] INFO: Enabled downloader middlewares:
['scrapy.downloadermiddlewares.httpauth.HttpAuthMiddleware',
 'scrapy.downloadermiddlewares.downloadtimeout.DownloadTimeoutMiddleware',
 'scrapy.downloadermiddlewares.defaultheaders.DefaultHeadersMiddleware',
 'scrapy.downloadermiddlewares.useragent.UserAgentMiddleware',
 'scrapy.downloadermiddlewares.retry.RetryMiddleware',
 'scrapy.downloadermiddlewares.redirect.MetaRefreshMiddleware',
 'scrapy.downloadermiddlewares.httpcompression.HttpCompressionMiddleware',
 'scrapy.downloadermiddlewares.redirect.RedirectMiddleware',
 'scrapy.downloadermiddlewares.cookies.CookiesMiddleware',
 'scrapy.downloadermiddlewares.httpproxy.HttpProxyMiddleware',
 'scrapy.downloadermiddlewares.stats.DownloaderStats']
2022-01-24 09:26:29 [scrapy.middleware] INFO: Enabled spider middlewares:
['scrapy.spidermiddlewares.httperror.HttpErrorMiddleware',
 'scrapy.spidermiddlewares.offsite.OffsiteMiddleware',
 'scrapy.spidermiddlewares.referer.RefererMiddleware',
 'scrapy.spidermiddlewares.urllength.UrlLengthMiddleware',
 'scrapy.spidermiddlewares.depth.DepthMiddleware']
2022-01-24 09:26:29 [scrapy.middleware] INFO: Enabled item pipelines:
[]
2022-01-24 09:26:29 [scrapy.core.engine] INFO: Spider opened
2022-01-24 09:26:29 [scrapy.extensions.logstats] INFO: Crawled 0 pages (at 0 pages/min), scraped 0 items (at 0 items/min)
2022-01-24 09:26:29 [scrapy.extensions.telnet] INFO: Telnet console listening on 127.0.0.1:6023
2022-01-24 09:26:29 [scrapy.core.engine] DEBUG: Crawled (200) <GET https://www.rottentomatoes.com/top/bestofrt/?year=2017> (referer: None)
2022-01-24 09:26:29 [scrapy.core.scraper] ERROR: Spider error processing <GET https://www.rottentomatoes.com/top/bestofrt/?year=2017> (referer: None)
Traceback (most recent call last):
  File "/home/seungeun/anaconda3/lib/python3.8/site-packages/scrapy/utils/defer.py", line 120, in iter_errback
    yield next(it)
  File "/home/seungeun/anaconda3/lib/python3.8/site-packages/scrapy/utils/python.py", line 353, in __next__
    return next(self.data)
  File "/home/seungeun/anaconda3/lib/python3.8/site-packages/scrapy/utils/python.py", line 353, in __next__
    return next(self.data)
  File "/home/seungeun/anaconda3/lib/python3.8/site-packages/scrapy/core/spidermw.py", line 56, in _evaluate_iterable
    for r in iterable:
  File "/home/seungeun/anaconda3/lib/python3.8/site-packages/scrapy/spidermiddlewares/offsite.py", line 29, in process_spider_output
    for x in result:
  File "/home/seungeun/anaconda3/lib/python3.8/site-packages/scrapy/core/spidermw.py", line 56, in _evaluate_iterable
    for r in iterable:
  File "/home/seungeun/anaconda3/lib/python3.8/site-packages/scrapy/spidermiddlewares/referer.py", line 342, in <genexpr>
    return (_set_referer(r) for r in result or ())
  File "/home/seungeun/anaconda3/lib/python3.8/site-packages/scrapy/core/spidermw.py", line 56, in _evaluate_iterable
    for r in iterable:
  File "/home/seungeun/anaconda3/lib/python3.8/site-packages/scrapy/spidermiddlewares/urllength.py", line 40, in <genexpr>
    return (r for r in result or () if _filter(r))
  File "/home/seungeun/anaconda3/lib/python3.8/site-packages/scrapy/core/spidermw.py", line 56, in _evaluate_iterable
    for r in iterable:
  File "/home/seungeun/anaconda3/lib/python3.8/site-packages/scrapy/spidermiddlewares/depth.py", line 58, in <genexpr>
    return (r for r in result or () if _filter(r))
  File "/home/seungeun/anaconda3/lib/python3.8/site-packages/scrapy/core/spidermw.py", line 56, in _evaluate_iterable
    for r in iterable:
  File "/home/seungeun/scrapy_test/scrapy/example3/example3/spiders/rt_spider.py", line 14, in parse
    yield scrapy.Request(url, callback=self.parse_page_contents)
AttributeError: 'Rt_spiderSpider' object has no attribute 'parse_page_contents'
2022-01-24 09:26:29 [scrapy.core.engine] INFO: Closing spider (finished)
2022-01-24 09:26:29 [scrapy.statscollectors] INFO: Dumping Scrapy stats:
{'downloader/request_bytes': 249,
 'downloader/request_count': 1,
 'downloader/request_method_count/GET': 1,
 'downloader/response_bytes': 25570,
 'downloader/response_count': 1,
 'downloader/response_status_count/200': 1,
 'elapsed_time_seconds': 0.360657,
 'finish_reason': 'finished',
 'finish_time': datetime.datetime(2022, 1, 24, 0, 26, 29, 745728),
 'httpcompression/response_bytes': 162346,
 'httpcompression/response_count': 1,
 'log_count/DEBUG': 1,
 'log_count/ERROR': 1,
 'log_count/INFO': 10,
 'memusage/max': 57749504,
 'memusage/startup': 57749504,
 'response_received_count': 1,
 'scheduler/dequeued': 1,
 'scheduler/dequeued/memory': 1,
 'scheduler/enqueued': 1,
 'scheduler/enqueued/memory': 1,
 'spider_exceptions/AttributeError': 1,
 'start_time': datetime.datetime(2022, 1, 24, 0, 26, 29, 385071)}
2022-01-24 09:26:29 [scrapy.core.engine] INFO: Spider closed (finished)
