2022-01-25 10:50:38 [scrapy.utils.log] INFO: Scrapy 2.5.1 started (bot: login)
2022-01-25 10:50:38 [scrapy.utils.log] INFO: Versions: lxml 4.6.3.0, libxml2 2.9.10, cssselect 1.1.0, parsel 1.6.0, w3lib 1.22.0, Twisted 21.7.0, Python 3.8.8 (default, Apr 13 2021, 19:58:26) - [GCC 7.3.0], pyOpenSSL 20.0.1 (OpenSSL 1.1.1k  25 Mar 2021), cryptography 3.4.7, Platform Linux-5.10.16.3-microsoft-standard-WSL2-x86_64-with-glibc2.10
2022-01-25 10:50:38 [scrapy.utils.log] DEBUG: Using reactor: twisted.internet.epollreactor.EPollReactor
2022-01-25 10:50:38 [scrapy.crawler] INFO: Overridden settings:
{'BOT_NAME': 'login',
 'LOG_FILE': 'login.log',
 'NEWSPIDER_MODULE': 'login.spiders',
 'SPIDER_MODULES': ['login.spiders']}
2022-01-25 10:50:38 [scrapy.extensions.telnet] INFO: Telnet Password: 40acd06f4038a714
2022-01-25 10:50:38 [scrapy.middleware] INFO: Enabled extensions:
['scrapy.extensions.corestats.CoreStats',
 'scrapy.extensions.telnet.TelnetConsole',
 'scrapy.extensions.memusage.MemoryUsage',
 'scrapy.extensions.logstats.LogStats']
2022-01-25 10:50:38 [scrapy.middleware] INFO: Enabled downloader middlewares:
['scrapy.downloadermiddlewares.httpauth.HttpAuthMiddleware',
 'scrapy.downloadermiddlewares.downloadtimeout.DownloadTimeoutMiddleware',
 'scrapy.downloadermiddlewares.defaultheaders.DefaultHeadersMiddleware',
 'scrapy.downloadermiddlewares.useragent.UserAgentMiddleware',
 'scrapy.downloadermiddlewares.retry.RetryMiddleware',
 'scrapy.downloadermiddlewares.redirect.MetaRefreshMiddleware',
 'scrapy.downloadermiddlewares.httpcompression.HttpCompressionMiddleware',
 'scrapy.downloadermiddlewares.redirect.RedirectMiddleware',
 'scrapy.downloadermiddlewares.cookies.CookiesMiddleware',
 'scrapy.downloadermiddlewares.httpproxy.HttpProxyMiddleware',
 'scrapy.downloadermiddlewares.stats.DownloaderStats']
2022-01-25 10:50:38 [scrapy.middleware] INFO: Enabled spider middlewares:
['scrapy.spidermiddlewares.httperror.HttpErrorMiddleware',
 'scrapy.spidermiddlewares.offsite.OffsiteMiddleware',
 'scrapy.spidermiddlewares.referer.RefererMiddleware',
 'scrapy.spidermiddlewares.urllength.UrlLengthMiddleware',
 'scrapy.spidermiddlewares.depth.DepthMiddleware']
2022-01-25 10:50:38 [scrapy.middleware] INFO: Enabled item pipelines:
[]
2022-01-25 10:50:38 [scrapy.core.engine] INFO: Spider opened
2022-01-25 10:50:38 [scrapy.extensions.logstats] INFO: Crawled 0 pages (at 0 pages/min), scraped 0 items (at 0 items/min)
2022-01-25 10:50:38 [scrapy.extensions.telnet] INFO: Telnet console listening on 127.0.0.1:6023
2022-01-25 10:50:38 [scrapy.core.engine] DEBUG: Crawled (200) <GET http://quotes.toscrape.com/login> (referer: None)
2022-01-25 10:50:38 [scrapy.spidermiddlewares.offsite] DEBUG: Filtered offsite request to 'quotes.toscrape.com': <POST http://quotes.toscrape.com/login>
2022-01-25 10:50:38 [scrapy.core.engine] INFO: Closing spider (finished)
2022-01-25 10:50:38 [scrapy.statscollectors] INFO: Dumping Scrapy stats:
{'downloader/request_bytes': 228,
 'downloader/request_count': 1,
 'downloader/request_method_count/GET': 1,
 'downloader/response_bytes': 1031,
 'downloader/response_count': 1,
 'downloader/response_status_count/200': 1,
 'elapsed_time_seconds': 0.458388,
 'finish_reason': 'finished',
 'finish_time': datetime.datetime(2022, 1, 25, 1, 50, 38, 852323),
 'httpcompression/response_bytes': 1869,
 'httpcompression/response_count': 1,
 'log_count/DEBUG': 2,
 'log_count/INFO': 10,
 'memusage/max': 57331712,
 'memusage/startup': 57331712,
 'offsite/domains': 1,
 'offsite/filtered': 1,
 'request_depth_max': 1,
 'response_received_count': 1,
 'scheduler/dequeued': 1,
 'scheduler/dequeued/memory': 1,
 'scheduler/enqueued': 1,
 'scheduler/enqueued/memory': 1,
 'start_time': datetime.datetime(2022, 1, 25, 1, 50, 38, 393935)}
2022-01-25 10:50:38 [scrapy.core.engine] INFO: Spider closed (finished)
2022-01-25 10:52:44 [scrapy.utils.log] INFO: Scrapy 2.5.1 started (bot: login)
2022-01-25 10:52:44 [scrapy.utils.log] INFO: Versions: lxml 4.6.3.0, libxml2 2.9.10, cssselect 1.1.0, parsel 1.6.0, w3lib 1.22.0, Twisted 21.7.0, Python 3.8.8 (default, Apr 13 2021, 19:58:26) - [GCC 7.3.0], pyOpenSSL 20.0.1 (OpenSSL 1.1.1k  25 Mar 2021), cryptography 3.4.7, Platform Linux-5.10.16.3-microsoft-standard-WSL2-x86_64-with-glibc2.10
2022-01-25 10:52:44 [scrapy.utils.log] DEBUG: Using reactor: twisted.internet.epollreactor.EPollReactor
2022-01-25 10:52:44 [scrapy.crawler] INFO: Overridden settings:
{'BOT_NAME': 'login',
 'LOG_FILE': 'login.log',
 'NEWSPIDER_MODULE': 'login.spiders',
 'SPIDER_MODULES': ['login.spiders']}
2022-01-25 10:52:44 [scrapy.extensions.telnet] INFO: Telnet Password: b4046465f687f7e7
2022-01-25 10:52:44 [scrapy.middleware] INFO: Enabled extensions:
['scrapy.extensions.corestats.CoreStats',
 'scrapy.extensions.telnet.TelnetConsole',
 'scrapy.extensions.memusage.MemoryUsage',
 'scrapy.extensions.logstats.LogStats']
2022-01-25 10:52:44 [scrapy.middleware] INFO: Enabled downloader middlewares:
['scrapy.downloadermiddlewares.httpauth.HttpAuthMiddleware',
 'scrapy.downloadermiddlewares.downloadtimeout.DownloadTimeoutMiddleware',
 'scrapy.downloadermiddlewares.defaultheaders.DefaultHeadersMiddleware',
 'scrapy.downloadermiddlewares.useragent.UserAgentMiddleware',
 'scrapy.downloadermiddlewares.retry.RetryMiddleware',
 'scrapy.downloadermiddlewares.redirect.MetaRefreshMiddleware',
 'scrapy.downloadermiddlewares.httpcompression.HttpCompressionMiddleware',
 'scrapy.downloadermiddlewares.redirect.RedirectMiddleware',
 'scrapy.downloadermiddlewares.cookies.CookiesMiddleware',
 'scrapy.downloadermiddlewares.httpproxy.HttpProxyMiddleware',
 'scrapy.downloadermiddlewares.stats.DownloaderStats']
2022-01-25 10:52:44 [scrapy.middleware] INFO: Enabled spider middlewares:
['scrapy.spidermiddlewares.httperror.HttpErrorMiddleware',
 'scrapy.spidermiddlewares.offsite.OffsiteMiddleware',
 'scrapy.spidermiddlewares.referer.RefererMiddleware',
 'scrapy.spidermiddlewares.urllength.UrlLengthMiddleware',
 'scrapy.spidermiddlewares.depth.DepthMiddleware']
2022-01-25 10:52:44 [scrapy.middleware] INFO: Enabled item pipelines:
[]
2022-01-25 10:52:44 [scrapy.core.engine] INFO: Spider opened
2022-01-25 10:52:44 [scrapy.extensions.logstats] INFO: Crawled 0 pages (at 0 pages/min), scraped 0 items (at 0 items/min)
2022-01-25 10:52:44 [scrapy.extensions.telnet] INFO: Telnet console listening on 127.0.0.1:6023
2022-01-25 10:52:44 [scrapy.core.engine] DEBUG: Crawled (200) <GET http://quotes.toscrape.com/login> (referer: None)
2022-01-25 10:52:44 [scrapy.spidermiddlewares.offsite] DEBUG: Filtered offsite request to 'quotes.toscrape.com': <POST http://quotes.toscrape.com/login>
2022-01-25 10:52:44 [scrapy.core.engine] INFO: Closing spider (finished)
2022-01-25 10:52:44 [scrapy.statscollectors] INFO: Dumping Scrapy stats:
{'downloader/request_bytes': 228,
 'downloader/request_count': 1,
 'downloader/request_method_count/GET': 1,
 'downloader/response_bytes': 1026,
 'downloader/response_count': 1,
 'downloader/response_status_count/200': 1,
 'elapsed_time_seconds': 0.49912,
 'finish_reason': 'finished',
 'finish_time': datetime.datetime(2022, 1, 25, 1, 52, 44, 751462),
 'httpcompression/response_bytes': 1869,
 'httpcompression/response_count': 1,
 'log_count/DEBUG': 2,
 'log_count/INFO': 10,
 'memusage/max': 57442304,
 'memusage/startup': 57442304,
 'offsite/domains': 1,
 'offsite/filtered': 1,
 'request_depth_max': 1,
 'response_received_count': 1,
 'scheduler/dequeued': 1,
 'scheduler/dequeued/memory': 1,
 'scheduler/enqueued': 1,
 'scheduler/enqueued/memory': 1,
 'start_time': datetime.datetime(2022, 1, 25, 1, 52, 44, 252342)}
2022-01-25 10:52:44 [scrapy.core.engine] INFO: Spider closed (finished)
2022-01-25 10:52:58 [scrapy.utils.log] INFO: Scrapy 2.5.1 started (bot: login)
2022-01-25 10:52:58 [scrapy.utils.log] INFO: Versions: lxml 4.6.3.0, libxml2 2.9.10, cssselect 1.1.0, parsel 1.6.0, w3lib 1.22.0, Twisted 21.7.0, Python 3.8.8 (default, Apr 13 2021, 19:58:26) - [GCC 7.3.0], pyOpenSSL 20.0.1 (OpenSSL 1.1.1k  25 Mar 2021), cryptography 3.4.7, Platform Linux-5.10.16.3-microsoft-standard-WSL2-x86_64-with-glibc2.10
2022-01-25 10:52:58 [scrapy.utils.log] DEBUG: Using reactor: twisted.internet.epollreactor.EPollReactor
2022-01-25 10:52:58 [scrapy.crawler] INFO: Overridden settings:
{'BOT_NAME': 'login',
 'LOG_FILE': 'login.log',
 'NEWSPIDER_MODULE': 'login.spiders',
 'SPIDER_MODULES': ['login.spiders']}
2022-01-25 10:52:58 [scrapy.extensions.telnet] INFO: Telnet Password: 3a2f43d694840668
2022-01-25 10:52:58 [scrapy.middleware] INFO: Enabled extensions:
['scrapy.extensions.corestats.CoreStats',
 'scrapy.extensions.telnet.TelnetConsole',
 'scrapy.extensions.memusage.MemoryUsage',
 'scrapy.extensions.logstats.LogStats']
2022-01-25 10:52:58 [scrapy.middleware] INFO: Enabled downloader middlewares:
['scrapy.downloadermiddlewares.httpauth.HttpAuthMiddleware',
 'scrapy.downloadermiddlewares.downloadtimeout.DownloadTimeoutMiddleware',
 'scrapy.downloadermiddlewares.defaultheaders.DefaultHeadersMiddleware',
 'scrapy.downloadermiddlewares.useragent.UserAgentMiddleware',
 'scrapy.downloadermiddlewares.retry.RetryMiddleware',
 'scrapy.downloadermiddlewares.redirect.MetaRefreshMiddleware',
 'scrapy.downloadermiddlewares.httpcompression.HttpCompressionMiddleware',
 'scrapy.downloadermiddlewares.redirect.RedirectMiddleware',
 'scrapy.downloadermiddlewares.cookies.CookiesMiddleware',
 'scrapy.downloadermiddlewares.httpproxy.HttpProxyMiddleware',
 'scrapy.downloadermiddlewares.stats.DownloaderStats']
2022-01-25 10:52:58 [scrapy.middleware] INFO: Enabled spider middlewares:
['scrapy.spidermiddlewares.httperror.HttpErrorMiddleware',
 'scrapy.spidermiddlewares.offsite.OffsiteMiddleware',
 'scrapy.spidermiddlewares.referer.RefererMiddleware',
 'scrapy.spidermiddlewares.urllength.UrlLengthMiddleware',
 'scrapy.spidermiddlewares.depth.DepthMiddleware']
2022-01-25 10:52:58 [scrapy.middleware] INFO: Enabled item pipelines:
[]
2022-01-25 10:52:58 [scrapy.core.engine] INFO: Spider opened
2022-01-25 10:52:58 [scrapy.extensions.logstats] INFO: Crawled 0 pages (at 0 pages/min), scraped 0 items (at 0 items/min)
2022-01-25 10:52:58 [scrapy.extensions.telnet] INFO: Telnet console listening on 127.0.0.1:6023
2022-01-25 10:52:59 [scrapy.core.engine] DEBUG: Crawled (200) <GET http://quotes.toscrape.com/login> (referer: None)
2022-01-25 10:52:59 [scrapy.spidermiddlewares.offsite] DEBUG: Filtered offsite request to 'quotes.toscrape.com': <POST http://quotes.toscrape.com/login>
2022-01-25 10:52:59 [scrapy.core.engine] INFO: Closing spider (finished)
2022-01-25 10:52:59 [scrapy.statscollectors] INFO: Dumping Scrapy stats:
{'downloader/request_bytes': 228,
 'downloader/request_count': 1,
 'downloader/request_method_count/GET': 1,
 'downloader/response_bytes': 1025,
 'downloader/response_count': 1,
 'downloader/response_status_count/200': 1,
 'elapsed_time_seconds': 0.464857,
 'finish_reason': 'finished',
 'finish_time': datetime.datetime(2022, 1, 25, 1, 52, 59, 327420),
 'httpcompression/response_bytes': 1869,
 'httpcompression/response_count': 1,
 'log_count/DEBUG': 2,
 'log_count/INFO': 10,
 'memusage/max': 57446400,
 'memusage/startup': 57446400,
 'offsite/domains': 1,
 'offsite/filtered': 1,
 'request_depth_max': 1,
 'response_received_count': 1,
 'scheduler/dequeued': 1,
 'scheduler/dequeued/memory': 1,
 'scheduler/enqueued': 1,
 'scheduler/enqueued/memory': 1,
 'start_time': datetime.datetime(2022, 1, 25, 1, 52, 58, 862563)}
2022-01-25 10:52:59 [scrapy.core.engine] INFO: Spider closed (finished)
