2022-01-25 14:03:49 [scrapy.utils.log] INFO: Scrapy 2.5.1 started (bot: login_hanbit)
2022-01-25 14:03:49 [scrapy.utils.log] INFO: Versions: lxml 4.6.3.0, libxml2 2.9.10, cssselect 1.1.0, parsel 1.6.0, w3lib 1.22.0, Twisted 21.7.0, Python 3.8.8 (default, Apr 13 2021, 19:58:26) - [GCC 7.3.0], pyOpenSSL 20.0.1 (OpenSSL 1.1.1k  25 Mar 2021), cryptography 3.4.7, Platform Linux-5.10.16.3-microsoft-standard-WSL2-x86_64-with-glibc2.10
2022-01-25 14:03:49 [scrapy.utils.log] DEBUG: Using reactor: twisted.internet.epollreactor.EPollReactor
2022-01-25 14:03:49 [scrapy.crawler] INFO: Overridden settings:
{'BOT_NAME': 'login_hanbit',
 'LOG_FILE': 'login.log',
 'NEWSPIDER_MODULE': 'login_hanbit.spiders',
 'ROBOTSTXT_OBEY': True,
 'SPIDER_MODULES': ['login_hanbit.spiders']}
2022-01-25 14:03:49 [scrapy.extensions.telnet] INFO: Telnet Password: a649a5eefe1b3e96
2022-01-25 14:03:49 [scrapy.middleware] INFO: Enabled extensions:
['scrapy.extensions.corestats.CoreStats',
 'scrapy.extensions.telnet.TelnetConsole',
 'scrapy.extensions.memusage.MemoryUsage',
 'scrapy.extensions.logstats.LogStats']
2022-01-25 14:03:49 [scrapy.middleware] INFO: Enabled downloader middlewares:
['scrapy.downloadermiddlewares.robotstxt.RobotsTxtMiddleware',
 'scrapy.downloadermiddlewares.httpauth.HttpAuthMiddleware',
 'scrapy.downloadermiddlewares.downloadtimeout.DownloadTimeoutMiddleware',
 'scrapy.downloadermiddlewares.defaultheaders.DefaultHeadersMiddleware',
 'scrapy.downloadermiddlewares.useragent.UserAgentMiddleware',
 'scrapy.downloadermiddlewares.retry.RetryMiddleware',
 'scrapy.downloadermiddlewares.redirect.MetaRefreshMiddleware',
 'scrapy.downloadermiddlewares.httpcompression.HttpCompressionMiddleware',
 'scrapy.downloadermiddlewares.redirect.RedirectMiddleware',
 'scrapy.downloadermiddlewares.cookies.CookiesMiddleware',
 'scrapy.downloadermiddlewares.httpproxy.HttpProxyMiddleware',
 'scrapy.downloadermiddlewares.stats.DownloaderStats']
2022-01-25 14:03:49 [scrapy.middleware] INFO: Enabled spider middlewares:
['scrapy.spidermiddlewares.httperror.HttpErrorMiddleware',
 'scrapy.spidermiddlewares.offsite.OffsiteMiddleware',
 'scrapy.spidermiddlewares.referer.RefererMiddleware',
 'scrapy.spidermiddlewares.urllength.UrlLengthMiddleware',
 'scrapy.spidermiddlewares.depth.DepthMiddleware']
2022-01-25 14:03:49 [scrapy.middleware] INFO: Enabled item pipelines:
[]
2022-01-25 14:03:49 [scrapy.core.engine] INFO: Spider opened
2022-01-25 14:03:49 [scrapy.extensions.logstats] INFO: Crawled 0 pages (at 0 pages/min), scraped 0 items (at 0 items/min)
2022-01-25 14:03:49 [scrapy.extensions.telnet] INFO: Telnet console listening on 127.0.0.1:6023
2022-01-25 14:03:49 [scrapy.core.engine] DEBUG: Crawled (404) <GET http://quotes.toscrape.com/robots.txt> (referer: None)
2022-01-25 14:03:49 [scrapy.core.engine] DEBUG: Crawled (200) <GET http://quotes.toscrape.com/login> (referer: None)
2022-01-25 14:03:50 [scrapy.downloadermiddlewares.redirect] DEBUG: Redirecting (302) to <GET http://quotes.toscrape.com/> from <POST http://quotes.toscrape.com/login>
2022-01-25 14:03:50 [scrapy.core.engine] DEBUG: Crawled (200) <GET http://quotes.toscrape.com/> (referer: http://quotes.toscrape.com/login)
2022-01-25 14:03:50 [scrapy.core.engine] INFO: Closing spider (finished)
2022-01-25 14:03:50 [scrapy.statscollectors] INFO: Dumping Scrapy stats:
{'downloader/request_bytes': 1459,
 'downloader/request_count': 4,
 'downloader/request_method_count/GET': 3,
 'downloader/request_method_count/POST': 1,
 'downloader/response_bytes': 4351,
 'downloader/response_count': 4,
 'downloader/response_status_count/200': 2,
 'downloader/response_status_count/302': 1,
 'downloader/response_status_count/404': 1,
 'elapsed_time_seconds': 1.132442,
 'finish_reason': 'finished',
 'finish_time': datetime.datetime(2022, 1, 25, 5, 3, 50, 324068),
 'httpcompression/response_bytes': 13786,
 'httpcompression/response_count': 2,
 'log_count/DEBUG': 4,
 'log_count/INFO': 10,
 'memusage/max': 57536512,
 'memusage/startup': 57536512,
 'request_depth_max': 1,
 'response_received_count': 3,
 'robotstxt/request_count': 1,
 'robotstxt/response_count': 1,
 'robotstxt/response_status_count/404': 1,
 'scheduler/dequeued': 3,
 'scheduler/dequeued/memory': 3,
 'scheduler/enqueued': 3,
 'scheduler/enqueued/memory': 3,
 'start_time': datetime.datetime(2022, 1, 25, 5, 3, 49, 191626)}
2022-01-25 14:03:50 [scrapy.core.engine] INFO: Spider closed (finished)
2022-01-25 14:04:31 [scrapy.utils.log] INFO: Scrapy 2.5.1 started (bot: login_hanbit)
2022-01-25 14:04:31 [scrapy.utils.log] INFO: Versions: lxml 4.6.3.0, libxml2 2.9.10, cssselect 1.1.0, parsel 1.6.0, w3lib 1.22.0, Twisted 21.7.0, Python 3.8.8 (default, Apr 13 2021, 19:58:26) - [GCC 7.3.0], pyOpenSSL 20.0.1 (OpenSSL 1.1.1k  25 Mar 2021), cryptography 3.4.7, Platform Linux-5.10.16.3-microsoft-standard-WSL2-x86_64-with-glibc2.10
2022-01-25 14:04:31 [scrapy.utils.log] DEBUG: Using reactor: twisted.internet.epollreactor.EPollReactor
2022-01-25 14:04:31 [scrapy.crawler] INFO: Overridden settings:
{'BOT_NAME': 'login_hanbit',
 'LOG_FILE': 'login.log',
 'NEWSPIDER_MODULE': 'login_hanbit.spiders',
 'ROBOTSTXT_OBEY': True,
 'SPIDER_MODULES': ['login_hanbit.spiders']}
2022-01-25 14:04:31 [scrapy.extensions.telnet] INFO: Telnet Password: 45e491dea9983e12
2022-01-25 14:04:31 [scrapy.middleware] INFO: Enabled extensions:
['scrapy.extensions.corestats.CoreStats',
 'scrapy.extensions.telnet.TelnetConsole',
 'scrapy.extensions.memusage.MemoryUsage',
 'scrapy.extensions.logstats.LogStats']
2022-01-25 14:04:31 [scrapy.middleware] INFO: Enabled downloader middlewares:
['scrapy.downloadermiddlewares.robotstxt.RobotsTxtMiddleware',
 'scrapy.downloadermiddlewares.httpauth.HttpAuthMiddleware',
 'scrapy.downloadermiddlewares.downloadtimeout.DownloadTimeoutMiddleware',
 'scrapy.downloadermiddlewares.defaultheaders.DefaultHeadersMiddleware',
 'scrapy.downloadermiddlewares.useragent.UserAgentMiddleware',
 'scrapy.downloadermiddlewares.retry.RetryMiddleware',
 'scrapy.downloadermiddlewares.redirect.MetaRefreshMiddleware',
 'scrapy.downloadermiddlewares.httpcompression.HttpCompressionMiddleware',
 'scrapy.downloadermiddlewares.redirect.RedirectMiddleware',
 'scrapy.downloadermiddlewares.cookies.CookiesMiddleware',
 'scrapy.downloadermiddlewares.httpproxy.HttpProxyMiddleware',
 'scrapy.downloadermiddlewares.stats.DownloaderStats']
2022-01-25 14:04:31 [scrapy.middleware] INFO: Enabled spider middlewares:
['scrapy.spidermiddlewares.httperror.HttpErrorMiddleware',
 'scrapy.spidermiddlewares.offsite.OffsiteMiddleware',
 'scrapy.spidermiddlewares.referer.RefererMiddleware',
 'scrapy.spidermiddlewares.urllength.UrlLengthMiddleware',
 'scrapy.spidermiddlewares.depth.DepthMiddleware']
2022-01-25 14:04:31 [scrapy.middleware] INFO: Enabled item pipelines:
[]
2022-01-25 14:04:31 [scrapy.core.engine] INFO: Spider opened
2022-01-25 14:04:31 [scrapy.extensions.logstats] INFO: Crawled 0 pages (at 0 pages/min), scraped 0 items (at 0 items/min)
2022-01-25 14:04:31 [scrapy.extensions.telnet] INFO: Telnet console listening on 127.0.0.1:6023
2022-01-25 14:04:32 [scrapy.core.engine] DEBUG: Crawled (404) <GET http://quotes.toscrape.com/robots.txt> (referer: None)
2022-01-25 14:04:32 [scrapy.core.engine] DEBUG: Crawled (200) <GET http://quotes.toscrape.com/login> (referer: None)
2022-01-25 14:04:32 [scrapy.downloadermiddlewares.redirect] DEBUG: Redirecting (302) to <GET http://quotes.toscrape.com/> from <POST http://quotes.toscrape.com/login>
2022-01-25 14:04:33 [scrapy.core.engine] DEBUG: Crawled (200) <GET http://quotes.toscrape.com/> (referer: http://quotes.toscrape.com/login)
2022-01-25 14:04:33 [scrapy.core.engine] INFO: Closing spider (finished)
2022-01-25 14:04:33 [scrapy.statscollectors] INFO: Dumping Scrapy stats:
{'downloader/request_bytes': 1459,
 'downloader/request_count': 4,
 'downloader/request_method_count/GET': 3,
 'downloader/request_method_count/POST': 1,
 'downloader/response_bytes': 4346,
 'downloader/response_count': 4,
 'downloader/response_status_count/200': 2,
 'downloader/response_status_count/302': 1,
 'downloader/response_status_count/404': 1,
 'elapsed_time_seconds': 2.078449,
 'finish_reason': 'finished',
 'finish_time': datetime.datetime(2022, 1, 25, 5, 4, 33, 724353),
 'httpcompression/response_bytes': 13786,
 'httpcompression/response_count': 2,
 'log_count/DEBUG': 4,
 'log_count/INFO': 10,
 'memusage/max': 57511936,
 'memusage/startup': 57511936,
 'request_depth_max': 1,
 'response_received_count': 3,
 'robotstxt/request_count': 1,
 'robotstxt/response_count': 1,
 'robotstxt/response_status_count/404': 1,
 'scheduler/dequeued': 3,
 'scheduler/dequeued/memory': 3,
 'scheduler/enqueued': 3,
 'scheduler/enqueued/memory': 3,
 'start_time': datetime.datetime(2022, 1, 25, 5, 4, 31, 645904)}
2022-01-25 14:04:33 [scrapy.core.engine] INFO: Spider closed (finished)
